2022-11-18 08:16:58,807 django.utils.autoreload INFO     Watching for file changes with StatReloader
2022-11-18 08:17:17,837 django.server INFO     "GET / HTTP/1.1" 302 0
2022-11-18 08:17:17,851 django.server INFO     "GET /admin?next=/ HTTP/1.1" 301 0
2022-11-18 08:17:18,423 django.server INFO     "GET /admin/?next=/ HTTP/1.1" 302 0
2022-11-18 08:17:19,055 django.server INFO     "GET /admin/login/?next=/admin/%3Fnext%3D/ HTTP/1.1" 200 2239
2022-11-18 08:17:20,422 django.request WARNING  Not Found: /favicon.ico
2022-11-18 08:17:20,423 django.server WARNING  "GET /favicon.ico HTTP/1.1" 404 2277
2022-11-18 08:17:28,638 django.server INFO     "GET / HTTP/1.1" 302 0
2022-11-18 08:17:28,722 django.server INFO     "GET /admin/?next=/ HTTP/1.1" 302 0
2022-11-18 08:17:28,735 django.server INFO     "GET /admin/login/?next=/admin/%3Fnext%3D/ HTTP/1.1" 200 2239
2022-11-18 08:17:39,921 django.server INFO     "POST /admin/login/?next=/admin/%3Fnext%3D/ HTTP/1.1" 302 0
2022-11-18 08:17:39,963 django.server INFO     "GET /admin/?next=/ HTTP/1.1" 200 3892
2022-11-18 08:17:44,809 django.server INFO     "GET / HTTP/1.1" 200 68
2022-11-18 08:17:56,004 django.server INFO     "GET / HTTP/1.1" 302 0
2022-11-18 08:17:56,006 django.server INFO     "GET /admin?next=/ HTTP/1.1" 301 0
2022-11-18 08:17:56,051 django.server INFO     "GET /admin/?next=/ HTTP/1.1" 302 0
2022-11-18 08:17:56,099 django.server INFO     "GET /admin/login/?next=/admin/%3Fnext%3D/ HTTP/1.1" 200 2239
2022-11-18 08:17:56,274 django.server INFO     "GET /static/admin/css/dark_mode.css HTTP/1.1" 200 796
2022-11-18 08:17:56,275 django.server INFO     "GET /static/admin/css/base.css HTTP/1.1" 200 20344
2022-11-18 08:17:56,278 django.server INFO     "GET /static/admin/js/nav_sidebar.js HTTP/1.1" 200 3763
2022-11-18 08:17:56,282 django.server INFO     "GET /static/admin/css/login.css HTTP/1.1" 200 958
2022-11-18 08:17:56,283 django.server INFO     "GET /static/admin/css/nav_sidebar.css HTTP/1.1" 200 2619
2022-11-18 08:17:56,283 django.server INFO     "GET /static/admin/css/responsive.css HTTP/1.1" 200 18854
2022-11-18 08:17:56,322 django.server INFO     "GET /static/admin/css/fonts.css HTTP/1.1" 200 423
2022-11-18 08:17:56,400 django.server INFO     "GET /static/admin/fonts/Roboto-Regular-webfont.woff HTTP/1.1" 200 85876
2022-11-18 08:17:56,400 django.server INFO     "GET /static/admin/fonts/Roboto-Light-webfont.woff HTTP/1.1" 200 85692
2022-11-18 08:18:04,285 django.utils.autoreload INFO     Watching for file changes with StatReloader
2022-11-18 08:18:33,594 django.server INFO     "GET /admin/login/?next=/admin/ HTTP/1.1" 200 2221
2022-11-18 08:18:33,855 django.server INFO     "POST /admin/login/?next=/admin/ HTTP/1.1" 200 2382
2022-11-18 08:18:33,907 django.server INFO     "GET /admin/login/?next=/admin/ HTTP/1.1" 200 2221
2022-11-18 08:18:34,205 django.server INFO     "POST /admin/login/?next=/admin/ HTTP/1.1" 200 2382
2022-11-18 08:18:34,260 django.server INFO     "GET /admin/login/?next=/admin/ HTTP/1.1" 200 2221
2022-11-18 08:18:34,563 django.server INFO     "POST /admin/login/?next=/admin/ HTTP/1.1" 200 2382
2022-11-18 08:18:34,616 django.server INFO     "GET /admin/login/?next=/admin/ HTTP/1.1" 200 2221
2022-11-18 08:18:34,917 django.server INFO     "POST /admin/login/?next=/admin/ HTTP/1.1" 200 2382
2022-11-18 08:18:34,972 django.server INFO     "GET /admin/login/?next=/admin/ HTTP/1.1" 200 2221
2022-11-18 08:18:35,271 django.server INFO     "POST /admin/login/?next=/admin/ HTTP/1.1" 200 2382
2022-11-18 08:18:35,324 django.server INFO     "GET /admin/login/?next=/admin/ HTTP/1.1" 200 2221
2022-11-18 08:18:35,626 django.server INFO     "POST /admin/login/?next=/admin/ HTTP/1.1" 200 2382
2022-11-18 08:18:35,679 django.server INFO     "GET /admin/login/?next=/admin/ HTTP/1.1" 200 2221
2022-11-18 08:18:36,006 django.server INFO     "POST /admin/login/?next=/admin/ HTTP/1.1" 200 2382
2022-11-18 08:18:36,060 django.server INFO     "GET /admin/login/?next=/admin/ HTTP/1.1" 200 2221
2022-11-18 08:18:36,357 django.server INFO     "POST /admin/login/?next=/admin/ HTTP/1.1" 200 2382
2022-11-18 08:18:36,412 django.server INFO     "GET /admin/login/?next=/admin/ HTTP/1.1" 200 2221
2022-11-18 08:18:36,715 django.server INFO     "POST /admin/login/?next=/admin/ HTTP/1.1" 200 2382
2022-11-18 08:18:36,768 django.server INFO     "GET /admin/login/?next=/admin/ HTTP/1.1" 200 2221
2022-11-18 08:18:37,064 django.server INFO     "POST /admin/login/?next=/admin/ HTTP/1.1" 200 2382
2022-11-18 08:18:37,119 django.server INFO     "GET /admin/login/?next=/admin/ HTTP/1.1" 200 2221
2022-11-18 08:18:37,434 django.server INFO     "POST /admin/login/?next=/admin/ HTTP/1.1" 200 2382
2022-11-18 08:18:37,487 django.server INFO     "GET /admin/login/?next=/admin/ HTTP/1.1" 200 2221
2022-11-18 08:18:37,787 django.server INFO     "POST /admin/login/?next=/admin/ HTTP/1.1" 200 2382
2022-11-18 08:18:37,842 django.server INFO     "GET /admin/login/?next=/admin/ HTTP/1.1" 200 2221
2022-11-18 08:18:38,144 django.server INFO     "POST /admin/login/?next=/admin/ HTTP/1.1" 200 2382
2022-11-18 08:18:38,199 django.server INFO     "GET /admin/login/?next=/admin/ HTTP/1.1" 200 2221
2022-11-18 08:18:38,500 django.server INFO     "POST /admin/login/?next=/admin/ HTTP/1.1" 200 2382
2022-11-18 08:18:38,557 django.server INFO     "GET /admin/login/?next=/admin/ HTTP/1.1" 200 2221
2022-11-18 08:18:38,861 django.server INFO     "POST /admin/login/?next=/admin/ HTTP/1.1" 200 2382
2022-11-18 08:18:38,915 django.server INFO     "GET /admin/login/?next=/admin/ HTTP/1.1" 200 2221
2022-11-18 08:18:39,213 django.server INFO     "POST /admin/login/?next=/admin/ HTTP/1.1" 200 2382
2022-11-18 08:18:39,268 django.server INFO     "GET /admin/login/?next=/admin/ HTTP/1.1" 200 2221
2022-11-18 08:18:39,568 django.server INFO     "POST /admin/login/?next=/admin/ HTTP/1.1" 200 2382
2022-11-18 08:18:39,619 django.server INFO     "GET /admin/login/?next=/admin/ HTTP/1.1" 200 2221
2022-11-18 08:18:39,920 django.server INFO     "POST /admin/login/?next=/admin/ HTTP/1.1" 200 2382
2022-11-18 08:18:39,971 django.server INFO     "GET /admin/login/?next=/admin/ HTTP/1.1" 200 2221
2022-11-18 08:18:40,277 django.server INFO     "POST /admin/login/?next=/admin/ HTTP/1.1" 200 2382
2022-11-18 08:18:40,328 django.server INFO     "GET /admin/login/?next=/admin/ HTTP/1.1" 200 2221
2022-11-18 08:18:40,662 django.server INFO     "POST /admin/login/?next=/admin/ HTTP/1.1" 200 2382
2022-11-18 08:18:40,717 django.server INFO     "GET /admin/login/?next=/admin/ HTTP/1.1" 200 2221
2022-11-18 08:18:41,033 django.server INFO     "POST /admin/login/?next=/admin/ HTTP/1.1" 200 2382
2022-11-18 08:18:41,088 django.server INFO     "GET /admin/login/?next=/admin/ HTTP/1.1" 200 2221
2022-11-18 08:18:41,385 django.server INFO     "POST /admin/login/?next=/admin/ HTTP/1.1" 200 2382
2022-11-18 08:18:41,440 django.server INFO     "GET /admin/login/?next=/admin/ HTTP/1.1" 200 2221
2022-11-18 08:18:41,750 django.server INFO     "POST /admin/login/?next=/admin/ HTTP/1.1" 200 2382
2022-11-18 08:18:41,803 django.server INFO     "GET /admin/login/?next=/admin/ HTTP/1.1" 200 2221
2022-11-18 08:18:42,113 django.server INFO     "POST /admin/login/?next=/admin/ HTTP/1.1" 200 2382
2022-11-18 08:18:42,167 django.server INFO     "GET /admin/login/?next=/admin/ HTTP/1.1" 200 2221
2022-11-18 08:18:42,467 django.server INFO     "POST /admin/login/?next=/admin/ HTTP/1.1" 200 2382
2022-11-18 08:18:42,519 django.server INFO     "GET /admin/login/?next=/admin/ HTTP/1.1" 200 2221
2022-11-18 08:18:42,849 django.server INFO     "POST /admin/login/?next=/admin/ HTTP/1.1" 200 2382
2022-11-18 08:18:42,903 django.server INFO     "GET /admin/login/?next=/admin/ HTTP/1.1" 200 2221
2022-11-18 08:18:43,203 django.server INFO     "POST /admin/login/?next=/admin/ HTTP/1.1" 200 2382
2022-11-18 08:18:43,255 django.server INFO     "GET /admin/login/?next=/admin/ HTTP/1.1" 200 2221
2022-11-18 08:18:43,556 django.server INFO     "POST /admin/login/?next=/admin/ HTTP/1.1" 200 2382
2022-11-18 08:18:43,609 django.server INFO     "GET /admin/login/?next=/admin/ HTTP/1.1" 200 2221
2022-11-18 08:18:43,912 django.server INFO     "POST /admin/login/?next=/admin/ HTTP/1.1" 200 2382
2022-11-18 08:18:43,968 django.server INFO     "GET /admin/login/?next=/admin/ HTTP/1.1" 200 2221
2022-11-18 08:18:44,268 django.server INFO     "POST /admin/login/?next=/admin/ HTTP/1.1" 200 2382
2022-11-18 08:18:44,320 django.server INFO     "GET /admin/login/?next=/admin/ HTTP/1.1" 200 2221
2022-11-18 08:18:44,623 django.server INFO     "POST /admin/login/?next=/admin/ HTTP/1.1" 200 2382
2022-11-18 08:18:44,676 django.server INFO     "GET /admin/login/?next=/admin/ HTTP/1.1" 200 2221
2022-11-18 08:18:44,980 django.server INFO     "POST /admin/login/?next=/admin/ HTTP/1.1" 200 2382
2022-11-18 08:18:45,031 django.server INFO     "GET /admin/login/?next=/admin/ HTTP/1.1" 200 2221
2022-11-18 08:18:45,330 django.server INFO     "POST /admin/login/?next=/admin/ HTTP/1.1" 200 2382
2022-11-18 08:18:45,383 django.server INFO     "GET /admin/login/?next=/admin/ HTTP/1.1" 200 2221
2022-11-18 08:18:45,685 django.server INFO     "POST /admin/login/?next=/admin/ HTTP/1.1" 200 2382
2022-11-18 08:18:45,739 django.server INFO     "GET /admin/login/?next=/admin/ HTTP/1.1" 200 2221
2022-11-18 08:18:46,039 django.server INFO     "POST /admin/login/?next=/admin/ HTTP/1.1" 200 2382
2022-11-18 08:18:46,092 django.server INFO     "GET /admin/login/?next=/admin/ HTTP/1.1" 200 2221
2022-11-18 08:18:46,404 django.server INFO     "POST /admin/login/?next=/admin/ HTTP/1.1" 200 2382
2022-11-18 08:18:46,456 django.server INFO     "GET /admin/login/?next=/admin/ HTTP/1.1" 200 2221
2022-11-18 08:18:46,757 django.server INFO     "POST /admin/login/?next=/admin/ HTTP/1.1" 200 2382
2022-11-18 08:18:46,812 django.server INFO     "GET /admin/login/?next=/admin/ HTTP/1.1" 200 2221
2022-11-18 08:18:47,115 django.server INFO     "POST /admin/login/?next=/admin/ HTTP/1.1" 200 2382
2022-11-18 08:18:47,168 django.server INFO     "GET /admin/login/?next=/admin/ HTTP/1.1" 200 2221
2022-11-18 08:18:47,471 django.server INFO     "POST /admin/login/?next=/admin/ HTTP/1.1" 200 2382
2022-11-18 08:18:47,524 django.server INFO     "GET /admin/login/?next=/admin/ HTTP/1.1" 200 2221
2022-11-18 08:18:47,827 django.server INFO     "POST /admin/login/?next=/admin/ HTTP/1.1" 200 2382
2022-11-18 08:18:47,879 django.server INFO     "GET /admin/login/?next=/admin/ HTTP/1.1" 200 2221
2022-11-18 08:18:48,179 django.server INFO     "POST /admin/login/?next=/admin/ HTTP/1.1" 200 2382
2022-11-18 08:18:48,231 django.server INFO     "GET /admin/login/?next=/admin/ HTTP/1.1" 200 2221
2022-11-18 08:18:48,529 django.server INFO     "POST /admin/login/?next=/admin/ HTTP/1.1" 200 2382
2022-11-18 08:18:48,585 django.server INFO     "GET /admin/login/?next=/admin/ HTTP/1.1" 200 2221
2022-11-18 08:18:48,885 django.server INFO     "POST /admin/login/?next=/admin/ HTTP/1.1" 200 2382
2022-11-18 08:18:48,940 django.server INFO     "GET /admin/login/?next=/admin/ HTTP/1.1" 200 2221
2022-11-18 08:18:49,239 django.server INFO     "POST /admin/login/?next=/admin/ HTTP/1.1" 200 2382
2022-11-18 08:18:49,292 django.server INFO     "GET /admin/login/?next=/admin/ HTTP/1.1" 200 2221
2022-11-18 08:18:49,613 django.server INFO     "POST /admin/login/?next=/admin/ HTTP/1.1" 200 2382
2022-11-18 08:18:49,667 django.server INFO     "GET /admin/login/?next=/admin/ HTTP/1.1" 200 2221
2022-11-18 08:18:49,967 django.server INFO     "POST /admin/login/?next=/admin/ HTTP/1.1" 200 2382
2022-11-18 08:18:50,019 django.server INFO     "GET /admin/login/?next=/admin/ HTTP/1.1" 200 2221
2022-11-18 08:18:50,323 django.server INFO     "POST /admin/login/?next=/admin/ HTTP/1.1" 200 2382
2022-11-18 08:18:50,375 django.server INFO     "GET /admin/login/?next=/admin/ HTTP/1.1" 200 2221
2022-11-18 08:18:50,693 django.server INFO     "POST /admin/login/?next=/admin/ HTTP/1.1" 200 2382
2022-11-18 08:18:50,747 django.server INFO     "GET /admin/login/?next=/admin/ HTTP/1.1" 200 2221
2022-11-18 08:18:51,065 django.server INFO     "POST /admin/login/?next=/admin/ HTTP/1.1" 200 2382
2022-11-18 08:18:51,120 django.server INFO     "GET /admin/login/?next=/admin/ HTTP/1.1" 200 2221
2022-11-18 08:18:51,418 django.server INFO     "POST /admin/login/?next=/admin/ HTTP/1.1" 200 2382
2022-11-18 08:18:51,472 django.server INFO     "GET /admin/login/?next=/admin/ HTTP/1.1" 200 2221
2022-11-18 08:18:51,769 django.server INFO     "POST /admin/login/?next=/admin/ HTTP/1.1" 200 2382
2022-11-18 08:18:51,824 django.server INFO     "GET /admin/login/?next=/admin/ HTTP/1.1" 200 2221
2022-11-18 08:18:52,129 django.server INFO     "POST /admin/login/?next=/admin/ HTTP/1.1" 200 2382
2022-11-18 08:18:52,184 django.server INFO     "GET /admin/login/?next=/admin/ HTTP/1.1" 200 2221
2022-11-18 08:18:52,487 django.server INFO     "POST /admin/login/?next=/admin/ HTTP/1.1" 200 2382
2022-11-18 08:18:52,540 django.server INFO     "GET /admin/login/?next=/admin/ HTTP/1.1" 200 2221
2022-11-18 08:18:52,843 django.server INFO     "POST /admin/login/?next=/admin/ HTTP/1.1" 200 2382
2022-11-18 08:18:52,896 django.server INFO     "GET /admin/login/?next=/admin/ HTTP/1.1" 200 2221
2022-11-18 08:18:53,199 django.server INFO     "POST /admin/login/?next=/admin/ HTTP/1.1" 200 2382
2022-11-18 08:18:53,251 django.server INFO     "GET /admin/login/?next=/admin/ HTTP/1.1" 200 2221
2022-11-18 08:18:53,550 django.server INFO     "POST /admin/login/?next=/admin/ HTTP/1.1" 200 2382
2022-11-18 08:18:53,605 django.server INFO     "GET /admin/login/?next=/admin/ HTTP/1.1" 200 2221
2022-11-18 08:18:53,905 django.server INFO     "POST /admin/login/?next=/admin/ HTTP/1.1" 200 2382
2022-11-18 08:18:53,959 django.server INFO     "GET /admin/login/?next=/admin/ HTTP/1.1" 200 2221
2022-11-18 08:18:54,257 django.server INFO     "POST /admin/login/?next=/admin/ HTTP/1.1" 200 2382
2022-11-18 08:18:54,312 django.server INFO     "GET /admin/login/?next=/admin/ HTTP/1.1" 200 2221
2022-11-18 08:18:54,610 django.server INFO     "POST /admin/login/?next=/admin/ HTTP/1.1" 200 2382
2022-11-18 08:18:54,663 django.server INFO     "GET /admin/login/?next=/admin/ HTTP/1.1" 200 2221
2022-11-18 08:18:54,961 django.server INFO     "POST /admin/login/?next=/admin/ HTTP/1.1" 200 2382
2022-11-18 08:18:55,015 django.server INFO     "GET /admin/login/?next=/admin/ HTTP/1.1" 200 2221
2022-11-18 08:18:55,313 django.server INFO     "POST /admin/login/?next=/admin/ HTTP/1.1" 200 2382
2022-11-18 08:18:55,367 django.server INFO     "GET /admin/login/?next=/admin/ HTTP/1.1" 200 2221
2022-11-18 08:18:55,721 django.server INFO     "POST /admin/login/?next=/admin/ HTTP/1.1" 200 2382
2022-11-18 08:18:55,775 django.server INFO     "GET /admin/login/?next=/admin/ HTTP/1.1" 200 2221
2022-11-18 08:18:56,073 django.server INFO     "POST /admin/login/?next=/admin/ HTTP/1.1" 200 2382
2022-11-18 08:18:56,128 django.server INFO     "GET /admin/login/?next=/admin/ HTTP/1.1" 200 2221
2022-11-18 08:18:56,426 django.server INFO     "POST /admin/login/?next=/admin/ HTTP/1.1" 200 2382
2022-11-18 08:18:56,480 django.server INFO     "GET /admin/login/?next=/admin/ HTTP/1.1" 200 2221
2022-11-18 08:18:56,781 django.server INFO     "POST /admin/login/?next=/admin/ HTTP/1.1" 200 2382
2022-11-18 08:18:56,836 django.server INFO     "GET /admin/login/?next=/admin/ HTTP/1.1" 200 2221
2022-11-18 08:18:57,300 django.server INFO     "POST /admin/login/?next=/admin/ HTTP/1.1" 302 0
2022-11-18 08:18:57,368 django.server INFO     "GET /admin/ HTTP/1.1" 200 3892
2022-11-18 08:23:11,264 django.utils.autoreload INFO     /home/tj/cyber_security_project_1/server/pages/views.py changed, reloading.
2022-11-18 08:23:11,555 django.utils.autoreload INFO     Watching for file changes with StatReloader
2022-11-18 08:27:37,955 django.server INFO     "GET / HTTP/1.1" 200 68
2022-11-18 08:27:37,980 django.request WARNING  Not Found: /favicon.ico
2022-11-18 08:27:37,980 django.server WARNING  "GET /favicon.ico HTTP/1.1" 404 2277
2022-11-18 09:09:14,451 django.server INFO     "GET / HTTP/1.1" 200 68
2022-11-18 09:09:21,528 django.server INFO     "GET /admin/ HTTP/1.1" 200 3892
2022-11-18 09:09:24,500 django.server INFO     "POST /admin/logout/ HTTP/1.1" 200 1552
2022-11-18 09:09:33,682 django.server INFO     "GET / HTTP/1.1" 200 68
2022-11-18 09:09:38,241 django.server INFO     "GET /admin/ HTTP/1.1" 302 0
2022-11-18 09:09:38,267 django.server INFO     "GET /admin/login/?next=/admin/ HTTP/1.1" 200 2221
2022-11-18 09:11:09,246 django.utils.autoreload INFO     /home/tj/cyber_security_project_1/server/pages/views.py changed, reloading.
2022-11-18 09:11:09,544 django.utils.autoreload INFO     Watching for file changes with StatReloader
2022-11-18 09:11:11,150 django.server INFO     "GET / HTTP/1.1" 200 74
2022-11-18 09:11:27,891 django.utils.autoreload INFO     /home/tj/cyber_security_project_1/server/pages/views.py changed, reloading.
2022-11-18 09:11:28,186 django.utils.autoreload INFO     Watching for file changes with StatReloader
2022-11-18 09:11:29,875 django.server INFO     "GET / HTTP/1.1" 302 0
2022-11-18 09:11:29,878 django.server INFO     "GET /admin?next=/ HTTP/1.1" 301 0
2022-11-18 09:11:29,927 django.server INFO     "GET /admin/?next=/ HTTP/1.1" 302 0
2022-11-18 09:11:29,990 django.server INFO     "GET /admin/login/?next=/admin/%3Fnext%3D/ HTTP/1.1" 200 2239
2022-11-18 09:11:36,438 django.utils.autoreload INFO     /home/tj/cyber_security_project_1/server/pages/views.py changed, reloading.
2022-11-18 09:11:36,732 django.utils.autoreload INFO     Watching for file changes with StatReloader
2022-11-18 09:35:41,659 django.server INFO     "GET /admin/login/?next=/admin/ HTTP/1.1" 200 2221
2022-11-18 09:35:41,916 django.server INFO     "POST /admin/login/?next=/admin/ HTTP/1.1" 200 2382
2022-11-18 09:35:41,972 django.server INFO     "GET /admin/login/?next=/admin/ HTTP/1.1" 200 2221
2022-11-18 09:35:42,273 django.server INFO     "POST /admin/login/?next=/admin/ HTTP/1.1" 200 2382
2022-11-18 09:35:42,328 django.server INFO     "GET /admin/login/?next=/admin/ HTTP/1.1" 200 2221
2022-11-18 09:35:42,643 django.server INFO     "POST /admin/login/?next=/admin/ HTTP/1.1" 200 2382
2022-11-18 09:35:42,698 django.server INFO     "GET /admin/login/?next=/admin/ HTTP/1.1" 200 2221
2022-11-18 09:35:43,007 django.server INFO     "POST /admin/login/?next=/admin/ HTTP/1.1" 200 2382
2022-11-18 09:35:43,059 django.server INFO     "GET /admin/login/?next=/admin/ HTTP/1.1" 200 2221
2022-11-18 09:35:43,363 django.server INFO     "POST /admin/login/?next=/admin/ HTTP/1.1" 200 2382
2022-11-18 09:35:43,416 django.server INFO     "GET /admin/login/?next=/admin/ HTTP/1.1" 200 2221
2022-11-18 09:35:43,720 django.server INFO     "POST /admin/login/?next=/admin/ HTTP/1.1" 200 2382
2022-11-18 09:35:43,772 django.server INFO     "GET /admin/login/?next=/admin/ HTTP/1.1" 200 2221
2022-11-18 09:35:44,074 django.server INFO     "POST /admin/login/?next=/admin/ HTTP/1.1" 200 2382
2022-11-18 09:35:44,133 django.server INFO     "GET /admin/login/?next=/admin/ HTTP/1.1" 200 2221
2022-11-18 09:35:44,438 django.server INFO     "POST /admin/login/?next=/admin/ HTTP/1.1" 200 2382
2022-11-18 09:35:44,500 django.server INFO     "GET /admin/login/?next=/admin/ HTTP/1.1" 200 2221
2022-11-18 09:35:44,800 django.server INFO     "POST /admin/login/?next=/admin/ HTTP/1.1" 200 2382
2022-11-18 09:35:44,856 django.server INFO     "GET /admin/login/?next=/admin/ HTTP/1.1" 200 2221
2022-11-18 09:35:45,161 django.server INFO     "POST /admin/login/?next=/admin/ HTTP/1.1" 200 2382
2022-11-18 09:35:45,215 django.server INFO     "GET /admin/login/?next=/admin/ HTTP/1.1" 200 2221
2022-11-18 09:35:45,520 django.server INFO     "POST /admin/login/?next=/admin/ HTTP/1.1" 200 2382
2022-11-18 09:35:45,576 django.server INFO     "GET /admin/login/?next=/admin/ HTTP/1.1" 200 2221
2022-11-18 09:35:45,880 django.server INFO     "POST /admin/login/?next=/admin/ HTTP/1.1" 200 2382
2022-11-18 09:35:45,936 django.server INFO     "GET /admin/login/?next=/admin/ HTTP/1.1" 200 2221
2022-11-18 09:35:46,240 django.server INFO     "POST /admin/login/?next=/admin/ HTTP/1.1" 200 2382
2022-11-18 09:35:46,294 django.server INFO     "GET /admin/login/?next=/admin/ HTTP/1.1" 200 2221
2022-11-18 09:35:46,605 django.server INFO     "POST /admin/login/?next=/admin/ HTTP/1.1" 200 2382
2022-11-18 09:35:46,660 django.server INFO     "GET /admin/login/?next=/admin/ HTTP/1.1" 200 2221
2022-11-18 09:35:46,961 django.server INFO     "POST /admin/login/?next=/admin/ HTTP/1.1" 200 2382
2022-11-18 09:35:47,016 django.server INFO     "GET /admin/login/?next=/admin/ HTTP/1.1" 200 2221
2022-11-18 09:35:47,319 django.server INFO     "POST /admin/login/?next=/admin/ HTTP/1.1" 200 2382
2022-11-18 09:35:47,372 django.server INFO     "GET /admin/login/?next=/admin/ HTTP/1.1" 200 2221
2022-11-18 09:35:47,672 django.server INFO     "POST /admin/login/?next=/admin/ HTTP/1.1" 200 2382
2022-11-18 09:35:47,728 django.server INFO     "GET /admin/login/?next=/admin/ HTTP/1.1" 200 2221
2022-11-18 09:35:48,049 django.server INFO     "POST /admin/login/?next=/admin/ HTTP/1.1" 200 2382
2022-11-18 09:35:48,106 django.server INFO     "GET /admin/login/?next=/admin/ HTTP/1.1" 200 2221
2022-11-18 09:35:48,409 django.server INFO     "POST /admin/login/?next=/admin/ HTTP/1.1" 200 2382
2022-11-18 09:35:48,463 django.server INFO     "GET /admin/login/?next=/admin/ HTTP/1.1" 200 2221
2022-11-18 09:35:48,763 django.server INFO     "POST /admin/login/?next=/admin/ HTTP/1.1" 200 2382
2022-11-18 09:35:48,815 django.server INFO     "GET /admin/login/?next=/admin/ HTTP/1.1" 200 2221
2022-11-18 09:35:49,118 django.server INFO     "POST /admin/login/?next=/admin/ HTTP/1.1" 200 2382
2022-11-18 09:35:49,172 django.server INFO     "GET /admin/login/?next=/admin/ HTTP/1.1" 200 2221
2022-11-18 09:35:49,473 django.server INFO     "POST /admin/login/?next=/admin/ HTTP/1.1" 200 2382
2022-11-18 09:35:49,528 django.server INFO     "GET /admin/login/?next=/admin/ HTTP/1.1" 200 2221
2022-11-18 09:35:49,839 django.server INFO     "POST /admin/login/?next=/admin/ HTTP/1.1" 200 2382
2022-11-18 09:35:49,892 django.server INFO     "GET /admin/login/?next=/admin/ HTTP/1.1" 200 2221
2022-11-18 09:35:50,190 django.server INFO     "POST /admin/login/?next=/admin/ HTTP/1.1" 200 2382
2022-11-18 09:35:50,244 django.server INFO     "GET /admin/login/?next=/admin/ HTTP/1.1" 200 2221
2022-11-18 09:41:32,440 django.utils.autoreload INFO     Watching for file changes with StatReloader
2022-11-18 09:41:45,526 django.server INFO     "GET / HTTP/1.1" 200 74
2022-11-18 09:41:46,208 django.server INFO     "GET / HTTP/1.1" 200 74
2022-11-18 09:41:46,212 django.request WARNING  Not Found: /robots.txt
2022-11-18 09:41:46,212 django.server WARNING  "GET /robots.txt HTTP/1.1" 404 2274
2022-11-18 09:41:46,345 django.request WARNING  Not Found: /sitemap.xml
2022-11-18 09:41:46,345 django.server WARNING  "GET /sitemap.xml HTTP/1.1" 404 2277
2022-11-18 09:41:52,278 django.server INFO     "GET / HTTP/1.1" 200 74
2022-11-18 09:41:52,320 django.request WARNING  Not Found: /favicon.ico
2022-11-18 09:41:52,321 django.server WARNING  "GET /favicon.ico HTTP/1.1" 404 2277
2022-11-18 09:41:53,849 django.request WARNING  Not Found: /677992996604172158
2022-11-18 09:41:53,850 django.server WARNING  "GET /677992996604172158 HTTP/1.1" 404 2298
2022-11-18 09:41:54,828 django.server INFO     code 400, message Bad request version ('¼+\x92¨H\x97Ï½9\x04Ì\x16')
2022-11-18 09:41:54,828 django.server ERROR    You're accessing the development server over HTTPS, but it only supports HTTP.
2022-11-18 09:41:54,832 django.request WARNING  Not Found: /WEB-INF/web.xml
2022-11-18 09:41:54,832 django.server WARNING  "GET /WEB-INF/web.xml HTTP/1.1" 404 2289
2022-11-18 09:41:54,838 django.server INFO     code 400, message Bad request version ('¼+\x92¨H\x97Ï½9\x04Ì\x16')
2022-11-18 09:41:54,841 django.server ERROR    You're accessing the development server over HTTPS, but it only supports HTTP.
2022-11-18 09:41:54,842 django.request WARNING  Not Found: /WEB-INF/applicationContext.xml
2022-11-18 09:41:54,843 django.server WARNING  "GET /WEB-INF/applicationContext.xml HTTP/1.1" 404 2334
2022-11-18 09:41:54,843 django.server INFO     code 400, message Bad request version ('¼+\x92¨H\x97Ï½9\x04Ì\x16')
2022-11-18 09:41:54,843 django.server ERROR    You're accessing the development server over HTTPS, but it only supports HTTP.
2022-11-18 09:41:54,896 django.request WARNING  Not Found: /WEB-INF/classes/web/xml.class
2022-11-18 09:41:54,896 django.server WARNING  "GET /WEB-INF/classes/web/xml.class HTTP/1.1" 404 2331
2022-11-18 09:41:54,950 django.request WARNING  Not Found: /WEB-INF/classes/0/5em.class
2022-11-18 09:41:54,951 django.server WARNING  "GET /WEB-INF/classes/0/5em.class HTTP/1.1" 404 2325
2022-11-18 09:41:55,001 django.request WARNING  Not Found: /WEB-INF/classes/pre/exception_value.class
2022-11-18 09:41:55,001 django.server WARNING  "GET /WEB-INF/classes/pre/exception_value.class HTTP/1.1" 404 2367
2022-11-18 09:41:55,034 django.server INFO     "GET /?-s HTTP/1.1" 200 74
2022-11-18 09:41:55,054 django.request WARNING  Not Found: /WEB-INF/classes/1/5em.class
2022-11-18 09:41:55,054 django.server WARNING  "GET /WEB-INF/classes/1/5em.class HTTP/1.1" 404 2325
2022-11-18 09:41:55,103 django.request WARNING  Not Found: /WEB-INF/classes/127/0/0/1.class
2022-11-18 09:41:55,104 django.server WARNING  "GET /WEB-INF/classes/127/0/0/1.class HTTP/1.1" 404 2337
2022-11-18 09:41:55,151 django.request WARNING  Not Found: /WEB-INF/classes/server/config/urls.class
2022-11-18 09:41:55,152 django.server WARNING  "GET /WEB-INF/classes/server/config/urls.class HTTP/1.1" 404 2364
2022-11-18 09:41:55,203 django.request WARNING  Not Found: /WEB-INF/classes/applicationContext/xml.class
2022-11-18 09:41:55,204 django.server WARNING  "GET /WEB-INF/classes/applicationContext/xml.class HTTP/1.1" 404 2376
2022-11-18 09:41:55,232 django.server INFO     "GET /?-s HTTP/1.1" 200 74
2022-11-18 09:41:55,450 django.security.csrf WARNING  Forbidden (CSRF cookie not set.): /
2022-11-18 09:41:55,452 django.security.csrf WARNING  Forbidden (CSRF cookie not set.): /
2022-11-18 09:41:55,452 django.server WARNING  "POST /?-d+allow_url_include%3d1+-d+auto_prepend_file%3dphp://input HTTP/1.1" 403 2870
2022-11-18 09:41:55,453 django.server WARNING  "POST /?-d+allow_url_include%3d1+-d+auto_prepend_file%3dphp://input HTTP/1.1" 403 2870
2022-11-18 09:41:55,457 django.security.csrf WARNING  Forbidden (CSRF cookie not set.): /
2022-11-18 09:41:55,460 django.security.csrf WARNING  Forbidden (CSRF cookie not set.): /
2022-11-18 09:41:55,460 django.server WARNING  "POST /?-d+allow_url_include%3d1+-d+auto_prepend_file%3dphp://input HTTP/1.1" 403 2870
2022-11-18 09:41:55,461 django.server WARNING  "POST /?-d+allow_url_include%3d1+-d+auto_prepend_file%3dphp://input HTTP/1.1" 403 2870
2022-11-18 09:41:55,654 django.request WARNING  Not Found: /robots.txt
2022-11-18 09:41:55,655 django.server WARNING  "POST /robots.txt?-d+allow_url_include%3d1+-d+auto_prepend_file%3dphp://input HTTP/1.1" 404 2335
2022-11-18 09:41:55,656 django.request WARNING  Not Found: /favicon.ico
2022-11-18 09:41:55,656 django.server WARNING  "POST /favicon.ico?-d+allow_url_include%3d1+-d+auto_prepend_file%3dphp://input HTTP/1.1" 404 2338
2022-11-18 09:41:55,671 django.request WARNING  Not Found: /robots.txt
2022-11-18 09:41:55,672 django.request WARNING  Not Found: /favicon.ico
2022-11-18 09:41:55,672 django.server WARNING  "POST /favicon.ico?-d+allow_url_include%3d1+-d+auto_prepend_file%3dphp://input HTTP/1.1" 404 2338
2022-11-18 09:41:55,672 django.server WARNING  "POST /robots.txt?-d+allow_url_include%3d1+-d+auto_prepend_file%3dphp://input HTTP/1.1" 404 2335
2022-11-18 09:41:55,849 django.request WARNING  Not Found: /sitemap.xml
2022-11-18 09:41:55,850 django.server WARNING  "POST /sitemap.xml?-d+allow_url_include%3d1+-d+auto_prepend_file%3dphp://input HTTP/1.1" 404 2338
2022-11-18 09:41:55,866 django.request WARNING  Not Found: /sitemap.xml
2022-11-18 09:41:55,866 django.server WARNING  "POST /sitemap.xml?-d+allow_url_include%3d1+-d+auto_prepend_file%3dphp://input HTTP/1.1" 404 2338
2022-11-18 09:41:57,773 django.server INFO     "GET / HTTP/1.1" 200 74
2022-11-18 09:41:57,774 django.server INFO     "GET / HTTP/1.1" 200 74
2022-11-18 09:41:57,983 django.request WARNING  Not Found: /favicon.ico
2022-11-18 09:41:57,989 django.server WARNING  "GET /favicon.ico HTTP/1.1" 404 2277
2022-11-18 09:41:57,991 django.request WARNING  Not Found: /robots.txt
2022-11-18 09:41:57,991 django.server WARNING  "GET /robots.txt HTTP/1.1" 404 2274
2022-11-18 09:41:58,185 django.request WARNING  Not Found: /sitemap.xml
2022-11-18 09:41:58,185 django.server WARNING  "GET /sitemap.xml HTTP/1.1" 404 2277
2022-11-18 09:42:03,383 django.security.DisallowedHost ERROR    Invalid HTTP_HOST header: '169.154.169.254'. You may need to add '169.154.169.254' to ALLOWED_HOSTS.
Traceback (most recent call last):
  File "/home/tj/.local/lib/python3.10/site-packages/django/core/handlers/exception.py", line 55, in inner
    response = get_response(request)
  File "/home/tj/.local/lib/python3.10/site-packages/django/utils/deprecation.py", line 135, in __call__
    response = self.process_request(request)
  File "/home/tj/.local/lib/python3.10/site-packages/django/middleware/common.py", line 48, in process_request
    host = request.get_host()
  File "/home/tj/.local/lib/python3.10/site-packages/django/http/request.py", line 148, in get_host
    raise DisallowedHost(msg)
django.core.exceptions.DisallowedHost: Invalid HTTP_HOST header: '169.154.169.254'. You may need to add '169.154.169.254' to ALLOWED_HOSTS.
2022-11-18 09:42:03,384 django.server INFO     "GET / HTTP/1.1" 200 74
2022-11-18 09:42:03,560 django.request WARNING  Bad Request: /latest/meta-data/
2022-11-18 09:42:03,561 django.server WARNING  "GET /latest/meta-data/ HTTP/1.1" 400 66936
2022-11-18 09:42:03,564 django.security.DisallowedHost ERROR    Invalid HTTP_HOST header: 'aws.zaproxy.org'. You may need to add 'aws.zaproxy.org' to ALLOWED_HOSTS.
Traceback (most recent call last):
  File "/home/tj/.local/lib/python3.10/site-packages/django/core/handlers/exception.py", line 55, in inner
    response = get_response(request)
  File "/home/tj/.local/lib/python3.10/site-packages/django/utils/deprecation.py", line 135, in __call__
    response = self.process_request(request)
  File "/home/tj/.local/lib/python3.10/site-packages/django/middleware/common.py", line 48, in process_request
    host = request.get_host()
  File "/home/tj/.local/lib/python3.10/site-packages/django/http/request.py", line 148, in get_host
    raise DisallowedHost(msg)
django.core.exceptions.DisallowedHost: Invalid HTTP_HOST header: 'aws.zaproxy.org'. You may need to add 'aws.zaproxy.org' to ALLOWED_HOSTS.
2022-11-18 09:42:03,609 django.request WARNING  Bad Request: /latest/meta-data/
2022-11-18 09:42:03,609 django.server INFO     "GET / HTTP/1.1" 200 74
2022-11-18 09:42:03,610 django.server WARNING  "GET /latest/meta-data/ HTTP/1.1" 400 66936
2022-11-18 09:42:03,615 django.security.DisallowedHost ERROR    Invalid HTTP_HOST header: '100.100.100.200'. You may need to add '100.100.100.200' to ALLOWED_HOSTS.
Traceback (most recent call last):
  File "/home/tj/.local/lib/python3.10/site-packages/django/core/handlers/exception.py", line 55, in inner
    response = get_response(request)
  File "/home/tj/.local/lib/python3.10/site-packages/django/utils/deprecation.py", line 135, in __call__
    response = self.process_request(request)
  File "/home/tj/.local/lib/python3.10/site-packages/django/middleware/common.py", line 48, in process_request
    host = request.get_host()
  File "/home/tj/.local/lib/python3.10/site-packages/django/http/request.py", line 148, in get_host
    raise DisallowedHost(msg)
django.core.exceptions.DisallowedHost: Invalid HTTP_HOST header: '100.100.100.200'. You may need to add '100.100.100.200' to ALLOWED_HOSTS.
2022-11-18 09:42:03,641 django.request WARNING  Bad Request: /latest/meta-data/
2022-11-18 09:42:03,641 django.server WARNING  "GET /latest/meta-data/ HTTP/1.1" 400 66936
2022-11-18 09:42:03,682 django.security.DisallowedHost ERROR    Invalid HTTP_HOST header: 'alibaba.zaproxy.org'. You may need to add 'alibaba.zaproxy.org' to ALLOWED_HOSTS.
Traceback (most recent call last):
  File "/home/tj/.local/lib/python3.10/site-packages/django/core/handlers/exception.py", line 55, in inner
    response = get_response(request)
  File "/home/tj/.local/lib/python3.10/site-packages/django/utils/deprecation.py", line 135, in __call__
    response = self.process_request(request)
  File "/home/tj/.local/lib/python3.10/site-packages/django/middleware/common.py", line 48, in process_request
    host = request.get_host()
  File "/home/tj/.local/lib/python3.10/site-packages/django/http/request.py", line 148, in get_host
    raise DisallowedHost(msg)
django.core.exceptions.DisallowedHost: Invalid HTTP_HOST header: 'alibaba.zaproxy.org'. You may need to add 'alibaba.zaproxy.org' to ALLOWED_HOSTS.
2022-11-18 09:42:03,712 django.request WARNING  Bad Request: /latest/meta-data/
2022-11-18 09:42:03,712 django.server WARNING  "GET /latest/meta-data/ HTTP/1.1" 400 66996
2022-11-18 09:42:03,798 django.request WARNING  Not Found: /robots.txt/
2022-11-18 09:42:03,799 django.request WARNING  Not Found: /favicon.ico/
2022-11-18 09:42:03,800 django.server WARNING  "GET /robots.txt/ HTTP/1.1" 404 2277
2022-11-18 09:42:03,800 django.server WARNING  "GET /favicon.ico/ HTTP/1.1" 404 2280
2022-11-18 09:42:03,995 django.request WARNING  Not Found: /sitemap.xml/
2022-11-18 09:42:03,995 django.server WARNING  "GET /sitemap.xml/ HTTP/1.1" 404 2280
2022-11-18 09:42:05,769 django.request WARNING  Not Found: /elmah.axd
2022-11-18 09:42:05,770 django.request WARNING  Not Found: /trace.axd
2022-11-18 09:42:05,771 django.server WARNING  "GET /trace.axd HTTP/1.1" 404 2271
2022-11-18 09:42:05,771 django.server WARNING  "GET /elmah.axd HTTP/1.1" 404 2271
2022-11-18 09:42:05,966 django.request WARNING  Not Found: /.htaccess
2022-11-18 09:42:05,966 django.server WARNING  "GET /.htaccess HTTP/1.1" 404 2271
2022-11-18 09:42:05,976 django.request WARNING  Not Found: /.env
2022-11-18 09:42:05,976 django.server WARNING  "GET /.env HTTP/1.1" 404 2256
2022-11-18 09:42:06,059 django.request WARNING  Not Found: /lfm.php
2022-11-18 09:42:06,059 django.server WARNING  "GET /lfm.php HTTP/1.1" 404 2265
2022-11-18 09:42:06,109 django.request WARNING  Not Found: /.idea/WebServers.xml
2022-11-18 09:42:06,109 django.server WARNING  "GET /.idea/WebServers.xml HTTP/1.1" 404 2304
2022-11-18 09:42:06,158 django.request WARNING  Not Found: /config/databases.yml
2022-11-18 09:42:06,159 django.server WARNING  "GET /config/databases.yml HTTP/1.1" 404 2304
2022-11-18 09:42:06,206 django.request WARNING  Not Found: /config/database.yml
2022-11-18 09:42:06,206 django.server WARNING  "GET /config/database.yml HTTP/1.1" 404 2301
2022-11-18 09:42:06,255 django.request WARNING  Not Found: /.git/config
2022-11-18 09:42:06,255 django.server WARNING  "GET /.git/config HTTP/1.1" 404 2277
2022-11-18 09:42:06,302 django.request WARNING  Not Found: /.svn/entries
2022-11-18 09:42:06,302 django.server WARNING  "GET /.svn/entries HTTP/1.1" 404 2280
2022-11-18 09:42:06,350 django.request WARNING  Not Found: /.svn/wc.db
2022-11-18 09:42:06,351 django.server WARNING  "GET /.svn/wc.db HTTP/1.1" 404 2274
2022-11-18 09:42:06,398 django.request WARNING  Not Found: /CVS/root
2022-11-18 09:42:06,399 django.server WARNING  "GET /CVS/root HTTP/1.1" 404 2268
2022-11-18 09:42:06,446 django.request WARNING  Not Found: /server-status
2022-11-18 09:42:06,446 django.server WARNING  "GET /server-status HTTP/1.1" 404 2283
2022-11-18 09:42:06,495 django.request WARNING  Not Found: /core
2022-11-18 09:42:06,495 django.server WARNING  "GET /core HTTP/1.1" 404 2256
2022-11-18 09:42:06,549 django.request WARNING  Not Found: /sftp-config.json
2022-11-18 09:42:06,549 django.server WARNING  "GET /sftp-config.json HTTP/1.1" 404 2292
2022-11-18 09:42:06,604 django.request WARNING  Not Found: /WS_FTP.ini
2022-11-18 09:42:06,604 django.server WARNING  "GET /WS_FTP.ini HTTP/1.1" 404 2274
2022-11-18 09:42:06,657 django.request WARNING  Not Found: /ws_ftp.ini
2022-11-18 09:42:06,657 django.server WARNING  "GET /ws_ftp.ini HTTP/1.1" 404 2274
2022-11-18 09:42:06,713 django.request WARNING  Not Found: /WS_FTP.INI
2022-11-18 09:42:06,714 django.server WARNING  "GET /WS_FTP.INI HTTP/1.1" 404 2274
2022-11-18 09:42:06,769 django.request WARNING  Not Found: /filezilla.xml
2022-11-18 09:42:06,770 django.server WARNING  "GET /filezilla.xml HTTP/1.1" 404 2283
2022-11-18 09:42:06,824 django.request WARNING  Not Found: /sitemanager.xml
2022-11-18 09:42:06,824 django.server WARNING  "GET /sitemanager.xml HTTP/1.1" 404 2289
2022-11-18 09:42:06,875 django.request WARNING  Not Found: /FileZilla.xml
2022-11-18 09:42:06,875 django.server WARNING  "GET /FileZilla.xml HTTP/1.1" 404 2283
2022-11-18 09:42:06,924 django.request WARNING  Not Found: /winscp.ini
2022-11-18 09:42:06,924 django.server WARNING  "GET /winscp.ini HTTP/1.1" 404 2274
2022-11-18 09:42:06,976 django.request WARNING  Not Found: /WinSCP.ini
2022-11-18 09:42:06,976 django.server WARNING  "GET /WinSCP.ini HTTP/1.1" 404 2274
2022-11-18 09:42:07,025 django.request WARNING  Not Found: /.DS_Store
2022-11-18 09:42:07,026 django.server WARNING  "GET /.DS_Store HTTP/1.1" 404 2271
2022-11-18 09:42:07,076 django.request WARNING  Not Found: /.php_cs.cache
2022-11-18 09:42:07,076 django.server WARNING  "GET /.php_cs.cache HTTP/1.1" 404 2283
2022-11-18 09:42:07,130 django.request WARNING  Not Found: /DEADJOE
2022-11-18 09:42:07,130 django.server WARNING  "GET /DEADJOE HTTP/1.1" 404 2265
2022-11-18 09:42:07,182 django.request WARNING  Not Found: /sites/default/private/files/backup_migrate/scheduled/test.txt
2022-11-18 09:42:07,182 django.server WARNING  "GET /sites/default/private/files/backup_migrate/scheduled/test.txt HTTP/1.1" 404 2427
2022-11-18 09:42:07,234 django.request WARNING  Not Found: /app/etc/local.xml
2022-11-18 09:42:07,234 django.server WARNING  "GET /app/etc/local.xml HTTP/1.1" 404 2295
2022-11-18 09:42:07,286 django.request WARNING  Not Found: /server.key
2022-11-18 09:42:07,286 django.server WARNING  "GET /server.key HTTP/1.1" 404 2274
2022-11-18 09:42:07,339 django.request WARNING  Not Found: /privatekey.key
2022-11-18 09:42:07,339 django.server WARNING  "GET /privatekey.key HTTP/1.1" 404 2286
2022-11-18 09:42:07,391 django.request WARNING  Not Found: /myserver.key
2022-11-18 09:42:07,391 django.server WARNING  "GET /myserver.key HTTP/1.1" 404 2280
2022-11-18 09:42:07,443 django.request WARNING  Not Found: /key.pem
2022-11-18 09:42:07,444 django.server WARNING  "GET /key.pem HTTP/1.1" 404 2265
2022-11-18 09:42:07,495 django.request WARNING  Not Found: /id_rsa
2022-11-18 09:42:07,496 django.server WARNING  "GET /id_rsa HTTP/1.1" 404 2262
2022-11-18 09:42:07,547 django.request WARNING  Not Found: /id_dsa
2022-11-18 09:42:07,548 django.server WARNING  "GET /id_dsa HTTP/1.1" 404 2262
2022-11-18 09:42:07,599 django.request WARNING  Not Found: /.ssh/id_rsa
2022-11-18 09:42:07,600 django.server WARNING  "GET /.ssh/id_rsa HTTP/1.1" 404 2277
2022-11-18 09:42:07,652 django.request WARNING  Not Found: /.ssh/id_dsa
2022-11-18 09:42:07,652 django.server WARNING  "GET /.ssh/id_dsa HTTP/1.1" 404 2277
2022-11-18 09:42:07,706 django.request WARNING  Not Found: /adminer.php
2022-11-18 09:42:07,706 django.server WARNING  "GET /adminer.php HTTP/1.1" 404 2277
2022-11-18 09:42:07,758 django.request WARNING  Not Found: /vb_test.php
2022-11-18 09:42:07,758 django.server WARNING  "GET /vb_test.php HTTP/1.1" 404 2277
2022-11-18 09:42:07,810 django.request WARNING  Not Found: /CHANGELOG.txt
2022-11-18 09:42:07,810 django.server WARNING  "GET /CHANGELOG.txt HTTP/1.1" 404 2283
2022-11-18 09:42:07,862 django.request WARNING  Not Found: /sites/default/files/.ht.sqlite
2022-11-18 09:42:07,862 django.server WARNING  "GET /sites/default/files/.ht.sqlite HTTP/1.1" 404 2334
2022-11-18 09:42:07,914 django.request WARNING  Not Found: /composer.json
2022-11-18 09:42:07,914 django.server WARNING  "GET /composer.json HTTP/1.1" 404 2283
2022-11-18 09:42:07,966 django.request WARNING  Not Found: /composer.lock
2022-11-18 09:42:07,966 django.server WARNING  "GET /composer.lock HTTP/1.1" 404 2283
2022-11-18 09:42:08,014 django.request WARNING  Not Found: /vim_settings.xml
2022-11-18 09:42:08,015 django.server WARNING  "GET /vim_settings.xml HTTP/1.1" 404 2292
2022-11-18 09:42:08,062 django.request WARNING  Not Found: /server-info
2022-11-18 09:42:08,063 django.server WARNING  "GET /server-info HTTP/1.1" 404 2277
2022-11-18 09:42:08,115 django.request WARNING  Not Found: /phpinfo.php
2022-11-18 09:42:08,115 django.server WARNING  "GET /phpinfo.php HTTP/1.1" 404 2277
2022-11-18 09:42:08,163 django.request WARNING  Not Found: /info.php
2022-11-18 09:42:08,163 django.server WARNING  "GET /info.php HTTP/1.1" 404 2268
2022-11-18 09:42:08,213 django.request WARNING  Not Found: /i.php
2022-11-18 09:42:08,213 django.server WARNING  "GET /i.php HTTP/1.1" 404 2259
2022-11-18 09:42:08,264 django.request WARNING  Not Found: /test.php
2022-11-18 09:42:08,265 django.server WARNING  "GET /test.php HTTP/1.1" 404 2268
2022-11-18 09:42:08,316 django.request WARNING  Not Found: /.hg
2022-11-18 09:42:08,317 django.server WARNING  "GET /.hg HTTP/1.1" 404 2253
2022-11-18 09:42:08,372 django.request WARNING  Not Found: /.bzr
2022-11-18 09:42:08,373 django.server WARNING  "GET /.bzr HTTP/1.1" 404 2256
2022-11-18 09:42:08,429 django.request WARNING  Not Found: /._darcs
2022-11-18 09:42:08,430 django.server WARNING  "GET /._darcs HTTP/1.1" 404 2265
2022-11-18 09:42:08,482 django.request WARNING  Not Found: /BitKeeper
2022-11-18 09:42:08,483 django.server WARNING  "GET /BitKeeper HTTP/1.1" 404 2271
2022-11-18 09:42:08,533 django.server INFO     "GET / HTTP/1.1" 200 74
2022-11-18 09:42:08,535 django.server INFO     "GET / HTTP/1.1" 200 74
2022-11-18 09:42:08,538 django.server INFO     "GET / HTTP/1.1" 200 74
2022-11-18 09:42:08,580 django.server INFO     "GET / HTTP/1.1" 200 74
2022-11-18 09:42:08,583 django.server INFO     "GET / HTTP/1.1" 200 74
2022-11-18 09:42:08,645 django.server INFO     "GET / HTTP/1.1" 200 74
2022-11-18 09:42:08,646 django.server INFO     "GET / HTTP/1.1" 200 74
2022-11-18 09:42:08,691 django.server INFO     "GET / HTTP/1.1" 200 74
2022-11-18 09:42:08,692 django.server INFO     "GET / HTTP/1.1" 200 74
2022-11-18 09:42:08,735 django.server INFO     "GET / HTTP/1.1" 200 74
2022-11-18 09:42:08,739 django.server INFO     "GET / HTTP/1.1" 200 74
2022-11-18 09:42:08,783 django.server INFO     "GET / HTTP/1.1" 200 74
2022-11-18 09:42:08,783 django.server INFO     "GET / HTTP/1.1" 200 74
2022-11-18 09:42:08,832 django.server INFO     "GET / HTTP/1.1" 200 74
2022-11-18 09:42:08,833 django.server INFO     "GET / HTTP/1.1" 200 74
2022-11-18 09:42:08,879 django.server INFO     "GET / HTTP/1.1" 200 74
2022-11-18 09:42:08,883 django.server INFO     "GET / HTTP/1.1" 200 74
2022-11-18 09:42:08,923 django.server INFO     "GET / HTTP/1.1" 200 74
2022-11-18 09:42:08,927 django.server INFO     "GET / HTTP/1.1" 200 74
2022-11-18 09:42:08,972 django.server INFO     "GET / HTTP/1.1" 200 74
2022-11-18 09:42:08,972 django.server INFO     "GET / HTTP/1.1" 200 74
2022-11-18 09:42:09,021 django.server INFO     "GET / HTTP/1.1" 200 74
2022-11-18 09:42:09,021 django.server INFO     "GET / HTTP/1.1" 200 74
2022-11-18 09:42:09,063 django.server INFO     "GET / HTTP/1.1" 200 74
2022-11-18 09:42:09,146 django.request WARNING  Not Found: /robots.txt
2022-11-18 09:42:09,147 django.request WARNING  Not Found: /favicon.ico
2022-11-18 09:42:09,147 django.server WARNING  "GET /robots.txt HTTP/1.1" 404 2274
2022-11-18 09:42:09,148 django.server WARNING  "GET /favicon.ico HTTP/1.1" 404 2277
2022-11-18 09:42:09,155 django.request WARNING  Not Found: /robots.txt
2022-11-18 09:42:09,155 django.server WARNING  "GET /robots.txt HTTP/1.1" 404 2274
2022-11-18 09:42:09,199 django.request WARNING  Not Found: /favicon.ico
2022-11-18 09:42:09,199 django.server WARNING  "GET /favicon.ico HTTP/1.1" 404 2277
2022-11-18 09:42:09,203 django.request WARNING  Not Found: /robots.txt
2022-11-18 09:42:09,203 django.server WARNING  "GET /robots.txt HTTP/1.1" 404 2274
2022-11-18 09:42:09,259 django.request WARNING  Not Found: /favicon.ico
2022-11-18 09:42:09,260 django.request WARNING  Not Found: /robots.txt
2022-11-18 09:42:09,261 django.server WARNING  "GET /favicon.ico HTTP/1.1" 404 2277
2022-11-18 09:42:09,261 django.server WARNING  "GET /robots.txt HTTP/1.1" 404 2274
2022-11-18 09:42:09,313 django.request WARNING  Not Found: /favicon.ico
2022-11-18 09:42:09,313 django.server WARNING  "GET /favicon.ico HTTP/1.1" 404 2277
2022-11-18 09:42:09,340 django.request WARNING  Not Found: /robots.txt
2022-11-18 09:42:09,340 django.server WARNING  "GET /robots.txt HTTP/1.1" 404 2274
2022-11-18 09:42:09,384 django.request WARNING  Not Found: /favicon.ico
2022-11-18 09:42:09,384 django.server WARNING  "GET /favicon.ico HTTP/1.1" 404 2277
2022-11-18 09:42:09,390 django.request WARNING  Not Found: /robots.txt
2022-11-18 09:42:09,390 django.server WARNING  "GET /robots.txt HTTP/1.1" 404 2274
2022-11-18 09:42:09,444 django.request WARNING  Not Found: /favicon.ico
2022-11-18 09:42:09,445 django.request WARNING  Not Found: /robots.txt
2022-11-18 09:42:09,445 django.server WARNING  "GET /robots.txt HTTP/1.1" 404 2274
2022-11-18 09:42:09,445 django.server WARNING  "GET /favicon.ico HTTP/1.1" 404 2277
2022-11-18 09:42:09,498 django.request WARNING  Not Found: /robots.txt
2022-11-18 09:42:09,499 django.request WARNING  Not Found: /favicon.ico
2022-11-18 09:42:09,499 django.server WARNING  "GET /favicon.ico HTTP/1.1" 404 2277
2022-11-18 09:42:09,499 django.server WARNING  "GET /robots.txt HTTP/1.1" 404 2274
2022-11-18 09:42:09,554 django.request WARNING  Not Found: /robots.txt
2022-11-18 09:42:09,555 django.server WARNING  "GET /robots.txt HTTP/1.1" 404 2274
2022-11-18 09:42:09,555 django.request WARNING  Not Found: /favicon.ico
2022-11-18 09:42:09,555 django.server WARNING  "GET /favicon.ico HTTP/1.1" 404 2277
2022-11-18 09:42:09,609 django.request WARNING  Not Found: /robots.txt
2022-11-18 09:42:09,610 django.request WARNING  Not Found: /favicon.ico
2022-11-18 09:42:09,610 django.server WARNING  "GET /robots.txt HTTP/1.1" 404 2274
2022-11-18 09:42:09,610 django.server WARNING  "GET /favicon.ico HTTP/1.1" 404 2277
2022-11-18 09:42:09,667 django.request WARNING  Not Found: /favicon.ico
2022-11-18 09:42:09,668 django.request WARNING  Not Found: /robots.txt
2022-11-18 09:42:09,668 django.server WARNING  "GET /favicon.ico HTTP/1.1" 404 2277
2022-11-18 09:42:09,669 django.server WARNING  "GET /robots.txt HTTP/1.1" 404 2274
2022-11-18 09:42:09,726 django.request WARNING  Not Found: /favicon.ico
2022-11-18 09:42:09,727 django.request WARNING  Not Found: /robots.txt
2022-11-18 09:42:09,727 django.server WARNING  "GET /favicon.ico HTTP/1.1" 404 2277
2022-11-18 09:42:09,727 django.server WARNING  "GET /robots.txt HTTP/1.1" 404 2274
2022-11-18 09:42:09,774 django.request WARNING  Not Found: /favicon.ico
2022-11-18 09:42:09,775 django.server WARNING  "GET /favicon.ico HTTP/1.1" 404 2277
2022-11-18 09:42:09,945 django.request WARNING  Not Found: /sitemap.xml
2022-11-18 09:42:09,946 django.server WARNING  "GET /sitemap.xml HTTP/1.1" 404 2277
2022-11-18 09:42:09,954 django.request WARNING  Not Found: /sitemap.xml
2022-11-18 09:42:09,955 django.server WARNING  "GET /sitemap.xml HTTP/1.1" 404 2277
2022-11-18 09:42:10,004 django.request WARNING  Not Found: /sitemap.xml
2022-11-18 09:42:10,005 django.server WARNING  "GET /sitemap.xml HTTP/1.1" 404 2277
2022-11-18 09:42:10,058 django.request WARNING  Not Found: /sitemap.xml
2022-11-18 09:42:10,058 django.server WARNING  "GET /sitemap.xml HTTP/1.1" 404 2277
2022-11-18 09:42:10,113 django.request WARNING  Not Found: /sitemap.xml
2022-11-18 09:42:10,113 django.server WARNING  "GET /sitemap.xml HTTP/1.1" 404 2277
2022-11-18 09:42:10,167 django.request WARNING  Not Found: /sitemap.xml
2022-11-18 09:42:10,167 django.server WARNING  "GET /sitemap.xml HTTP/1.1" 404 2277
2022-11-18 09:42:10,224 django.request WARNING  Not Found: /sitemap.xml
2022-11-18 09:42:10,224 django.server WARNING  "GET /sitemap.xml HTTP/1.1" 404 2277
2022-11-18 09:42:10,278 django.request WARNING  Not Found: /sitemap.xml
2022-11-18 09:42:10,278 django.server WARNING  "GET /sitemap.xml HTTP/1.1" 404 2277
2022-11-18 09:42:10,333 django.request WARNING  Not Found: /sitemap.xml
2022-11-18 09:42:10,333 django.server WARNING  "GET /sitemap.xml HTTP/1.1" 404 2277
2022-11-18 09:42:10,384 django.request WARNING  Not Found: /sitemap.xml
2022-11-18 09:42:10,384 django.server WARNING  "GET /sitemap.xml HTTP/1.1" 404 2277
2022-11-18 09:42:10,440 django.request WARNING  Not Found: /sitemap.xml
2022-11-18 09:42:10,441 django.server WARNING  "GET /sitemap.xml HTTP/1.1" 404 2277
2022-11-18 09:42:10,498 django.request WARNING  Not Found: /sitemap.xml
2022-11-18 09:42:10,498 django.server WARNING  "GET /sitemap.xml HTTP/1.1" 404 2277
2022-11-18 09:43:10,593 django.request WARNING  Not Found: /robots.txt
2022-11-18 09:43:10,593 django.server WARNING  "GET /robots.txt HTTP/1.1" 404 2274
2022-11-18 09:43:10,630 django.request WARNING  Not Found: /favicon.ico
2022-11-18 09:43:10,630 django.server WARNING  "GET /favicon.ico HTTP/1.1" 404 2277
2022-11-18 09:44:57,725 django.server INFO     "GET / HTTP/1.1" 200 74
2022-11-18 09:45:14,652 django.security.csrf WARNING  Forbidden (CSRF cookie not set.): /
2022-11-18 09:45:14,653 django.server WARNING  "POST / HTTP/1.1" 403 2870
2022-11-18 09:45:58,179 django.server INFO     "GET / HTTP/1.1" 200 74
2022-11-18 09:47:26,692 django.request WARNING  Not Found: /echo
2022-11-18 09:47:26,693 django.server WARNING  "GET /echo HTTP/1.1" 404 2256
2022-11-18 09:50:08,340 django.utils.autoreload INFO     /home/tj/cyber_security_project_1/server/config/settings.py changed, reloading.
2022-11-18 09:51:57,976 django.utils.autoreload INFO     Watching for file changes with StatReloader
2022-11-18 09:52:16,043 django.request WARNING  Not Found: /echo
2022-11-18 09:52:16,044 django.server WARNING  "GET /echo HTTP/1.1" 404 179
2022-11-18 09:52:41,463 django.server INFO     code 400, message Bad request syntax ("'")
2022-11-18 09:52:41,463 django.server WARNING  "'" 400 -
2022-11-18 09:52:46,272 django.request WARNING  Not Found: /echo
2022-11-18 09:52:46,272 django.server WARNING  "GET /echo HTTP/1.1" 404 179
2022-11-18 09:52:50,943 django.server INFO     code 400, message Bad request syntax ('ÿôÿý\x06ÿôÿý\x06')
2022-11-18 09:52:50,943 django.server WARNING  "ÿôÿýÿôÿý" 400 -
2022-11-18 09:53:00,761 django.utils.autoreload INFO     /home/tj/cyber_security_project_1/server/config/settings.py changed, reloading.
2022-11-18 09:53:01,050 django.utils.autoreload INFO     Watching for file changes with StatReloader
2022-11-18 09:53:05,771 django.request WARNING  Not Found: /echo
2022-11-18 09:53:05,772 django.server WARNING  "GET /echo HTTP/1.1" 404 179
2022-11-18 09:56:36,251 django.utils.autoreload INFO     /home/tj/cyber_security_project_1/server/config/settings.py changed, reloading.
2022-11-18 09:56:36,539 django.utils.autoreload INFO     Watching for file changes with StatReloader
2022-11-18 09:56:50,046 django.request WARNING  Not Found: /echo
2022-11-18 09:56:50,046 django.server WARNING  "GET /echo HTTP/1.1" 404 179
2022-11-18 10:00:47,044 django.utils.autoreload INFO     Watching for file changes with StatReloader
2022-11-18 10:00:54,936 django.request WARNING  Not Found: /echo
2022-11-18 10:00:54,936 django.server WARNING  "GET /echo HTTP/1.1" 404 179
2022-11-18 10:01:36,516 django.server INFO     code 400, message Bad request syntax ('ÿôÿý\x06')
2022-11-18 10:01:36,516 django.server WARNING  "ÿôÿý" 400 -
2022-11-18 10:04:07,128 django.utils.autoreload INFO     /home/tj/cyber_security_project_1/server/config/settings.py changed, reloading.
2022-11-18 10:04:07,418 django.utils.autoreload INFO     Watching for file changes with StatReloader
2022-11-18 10:06:20,055 django.server INFO     "GET / HTTP/1.1" 200 74
2022-11-18 10:06:20,112 django.server INFO     "GET / HTTP/1.1" 200 74
2022-11-18 10:06:20,127 django.request WARNING  Not Found: /sitemap.xml
2022-11-18 10:06:20,129 django.request WARNING  Not Found: /robots.txt
2022-11-18 10:06:20,129 django.server WARNING  "GET /sitemap.xml HTTP/1.1" 404 2277
2022-11-18 10:06:20,129 django.server WARNING  "GET /robots.txt HTTP/1.1" 404 2274
2022-11-18 10:06:20,160 django.server INFO     "GET / HTTP/1.1" 200 74
2022-11-18 10:06:20,182 django.request WARNING  Not Found: /favicon.ico
2022-11-18 10:06:20,182 django.server WARNING  "GET /favicon.ico HTTP/1.1" 404 2277
2022-11-18 10:06:24,541 django.server INFO     "GET / HTTP/1.1" 200 74
2022-11-18 10:06:24,581 django.request WARNING  Not Found: /favicon.ico
2022-11-18 10:06:24,581 django.server WARNING  "GET /favicon.ico HTTP/1.1" 404 2277
2022-11-18 10:06:26,129 django.request WARNING  Not Found: /7920414529547785967
2022-11-18 10:06:26,130 django.server WARNING  "GET /7920414529547785967 HTTP/1.1" 404 2301
2022-11-18 10:06:27,007 django.server INFO     code 400, message Bad request version ('¼+\x92¨H\x97Ï½9\x04Ì\x16')
2022-11-18 10:06:27,007 django.server ERROR    You're accessing the development server over HTTPS, but it only supports HTTP.
2022-11-18 10:06:27,015 django.request WARNING  Not Found: /WEB-INF/web.xml
2022-11-18 10:06:27,015 django.server WARNING  "GET /WEB-INF/web.xml HTTP/1.1" 404 2289
2022-11-18 10:06:27,016 django.server INFO     code 400, message Bad request version ('¼+\x92¨H\x97Ï½9\x04Ì\x16')
2022-11-18 10:06:27,016 django.server ERROR    You're accessing the development server over HTTPS, but it only supports HTTP.
2022-11-18 10:06:27,016 django.server INFO     code 400, message Bad request version ('¼+\x92¨H\x97Ï½9\x04Ì\x16')
2022-11-18 10:06:27,016 django.server ERROR    You're accessing the development server over HTTPS, but it only supports HTTP.
2022-11-18 10:06:27,024 django.request WARNING  Not Found: /WEB-INF/applicationContext.xml
2022-11-18 10:06:27,024 django.server WARNING  "GET /WEB-INF/applicationContext.xml HTTP/1.1" 404 2334
2022-11-18 10:06:27,073 django.request WARNING  Not Found: /WEB-INF/classes/web/xml.class
2022-11-18 10:06:27,073 django.server WARNING  "GET /WEB-INF/classes/web/xml.class HTTP/1.1" 404 2331
2022-11-18 10:06:27,127 django.request WARNING  Not Found: /WEB-INF/classes/0/5em.class
2022-11-18 10:06:27,127 django.server WARNING  "GET /WEB-INF/classes/0/5em.class HTTP/1.1" 404 2325
2022-11-18 10:06:27,186 django.request WARNING  Not Found: /WEB-INF/classes/pre/exception_value.class
2022-11-18 10:06:27,186 django.server WARNING  "GET /WEB-INF/classes/pre/exception_value.class HTTP/1.1" 404 2367
2022-11-18 10:06:27,210 django.server INFO     "GET /?-s HTTP/1.1" 200 74
2022-11-18 10:06:27,239 django.request WARNING  Not Found: /WEB-INF/classes/1/5em.class
2022-11-18 10:06:27,240 django.server WARNING  "GET /WEB-INF/classes/1/5em.class HTTP/1.1" 404 2325
2022-11-18 10:06:27,292 django.request WARNING  Not Found: /WEB-INF/classes/127/0/0/1.class
2022-11-18 10:06:27,292 django.server WARNING  "GET /WEB-INF/classes/127/0/0/1.class HTTP/1.1" 404 2337
2022-11-18 10:06:27,343 django.request WARNING  Not Found: /WEB-INF/classes/server/config/urls.class
2022-11-18 10:06:27,343 django.server WARNING  "GET /WEB-INF/classes/server/config/urls.class HTTP/1.1" 404 2364
2022-11-18 10:06:27,395 django.request WARNING  Not Found: /WEB-INF/classes/applicationContext/xml.class
2022-11-18 10:06:27,395 django.server WARNING  "GET /WEB-INF/classes/applicationContext/xml.class HTTP/1.1" 404 2376
2022-11-18 10:06:27,410 django.server INFO     "GET /?-s HTTP/1.1" 200 74
2022-11-18 10:06:27,617 django.security.csrf WARNING  Forbidden (CSRF cookie not set.): /
2022-11-18 10:06:27,619 django.security.csrf WARNING  Forbidden (CSRF cookie not set.): /
2022-11-18 10:06:27,619 django.server WARNING  "POST /?-d+allow_url_include%3d1+-d+auto_prepend_file%3dphp://input HTTP/1.1" 403 2870
2022-11-18 10:06:27,622 django.security.csrf WARNING  Forbidden (CSRF cookie not set.): /
2022-11-18 10:06:27,622 django.server WARNING  "POST /?-d+allow_url_include%3d1+-d+auto_prepend_file%3dphp://input HTTP/1.1" 403 2870
2022-11-18 10:06:27,622 django.server WARNING  "POST /?-d+allow_url_include%3d1+-d+auto_prepend_file%3dphp://input HTTP/1.1" 403 2870
2022-11-18 10:06:27,626 django.security.csrf WARNING  Forbidden (CSRF cookie not set.): /
2022-11-18 10:06:27,626 django.server WARNING  "POST /?-d+allow_url_include%3d1+-d+auto_prepend_file%3dphp://input HTTP/1.1" 403 2870
2022-11-18 10:06:27,833 django.request WARNING  Not Found: /robots.txt
2022-11-18 10:06:27,834 django.request WARNING  Not Found: /favicon.ico
2022-11-18 10:06:27,834 django.server WARNING  "POST /robots.txt?-d+allow_url_include%3d1+-d+auto_prepend_file%3dphp://input HTTP/1.1" 404 2335
2022-11-18 10:06:27,835 django.server WARNING  "POST /favicon.ico?-d+allow_url_include%3d1+-d+auto_prepend_file%3dphp://input HTTP/1.1" 404 2338
2022-11-18 10:06:27,844 django.request WARNING  Not Found: /robots.txt
2022-11-18 10:06:27,844 django.server WARNING  "POST /robots.txt?-d+allow_url_include%3d1+-d+auto_prepend_file%3dphp://input HTTP/1.1" 404 2335
2022-11-18 10:06:27,870 django.request WARNING  Not Found: /favicon.ico
2022-11-18 10:06:27,870 django.server WARNING  "POST /favicon.ico?-d+allow_url_include%3d1+-d+auto_prepend_file%3dphp://input HTTP/1.1" 404 2338
2022-11-18 10:06:28,026 django.request WARNING  Not Found: /sitemap.xml
2022-11-18 10:06:28,027 django.server WARNING  "POST /sitemap.xml?-d+allow_url_include%3d1+-d+auto_prepend_file%3dphp://input HTTP/1.1" 404 2338
2022-11-18 10:06:28,037 django.request WARNING  Not Found: /sitemap.xml
2022-11-18 10:06:28,038 django.server WARNING  "POST /sitemap.xml?-d+allow_url_include%3d1+-d+auto_prepend_file%3dphp://input HTTP/1.1" 404 2338
2022-11-18 10:06:29,836 django.server INFO     "GET / HTTP/1.1" 200 74
2022-11-18 10:06:29,837 django.server INFO     "GET / HTTP/1.1" 200 74
2022-11-18 10:06:30,050 django.request WARNING  Not Found: /favicon.ico
2022-11-18 10:06:30,051 django.request WARNING  Not Found: /robots.txt
2022-11-18 10:06:30,052 django.server WARNING  "GET /favicon.ico HTTP/1.1" 404 2277
2022-11-18 10:06:30,052 django.server WARNING  "GET /robots.txt HTTP/1.1" 404 2274
2022-11-18 10:06:30,245 django.request WARNING  Not Found: /sitemap.xml
2022-11-18 10:06:30,246 django.server WARNING  "GET /sitemap.xml HTTP/1.1" 404 2277
2022-11-18 10:06:35,243 django.security.DisallowedHost ERROR    Invalid HTTP_HOST header: '169.154.169.254'. You may need to add '169.154.169.254' to ALLOWED_HOSTS.
Traceback (most recent call last):
  File "/home/tj/.local/lib/python3.10/site-packages/django/core/handlers/exception.py", line 55, in inner
    response = get_response(request)
  File "/home/tj/.local/lib/python3.10/site-packages/django/utils/deprecation.py", line 135, in __call__
    response = self.process_request(request)
  File "/home/tj/.local/lib/python3.10/site-packages/django/middleware/common.py", line 48, in process_request
    host = request.get_host()
  File "/home/tj/.local/lib/python3.10/site-packages/django/http/request.py", line 148, in get_host
    raise DisallowedHost(msg)
django.core.exceptions.DisallowedHost: Invalid HTTP_HOST header: '169.154.169.254'. You may need to add '169.154.169.254' to ALLOWED_HOSTS.
2022-11-18 10:06:35,244 django.server INFO     "GET / HTTP/1.1" 200 74
2022-11-18 10:06:35,300 django.request WARNING  Bad Request: /latest/meta-data/
2022-11-18 10:06:35,300 django.server WARNING  "GET /latest/meta-data/ HTTP/1.1" 400 66936
2022-11-18 10:06:35,303 django.security.DisallowedHost ERROR    Invalid HTTP_HOST header: 'aws.zaproxy.org'. You may need to add 'aws.zaproxy.org' to ALLOWED_HOSTS.
Traceback (most recent call last):
  File "/home/tj/.local/lib/python3.10/site-packages/django/core/handlers/exception.py", line 55, in inner
    response = get_response(request)
  File "/home/tj/.local/lib/python3.10/site-packages/django/utils/deprecation.py", line 135, in __call__
    response = self.process_request(request)
  File "/home/tj/.local/lib/python3.10/site-packages/django/middleware/common.py", line 48, in process_request
    host = request.get_host()
  File "/home/tj/.local/lib/python3.10/site-packages/django/http/request.py", line 148, in get_host
    raise DisallowedHost(msg)
django.core.exceptions.DisallowedHost: Invalid HTTP_HOST header: 'aws.zaproxy.org'. You may need to add 'aws.zaproxy.org' to ALLOWED_HOSTS.
2022-11-18 10:06:35,358 django.request WARNING  Bad Request: /latest/meta-data/
2022-11-18 10:06:35,358 django.server WARNING  "GET /latest/meta-data/ HTTP/1.1" 400 66936
2022-11-18 10:06:35,366 django.security.DisallowedHost ERROR    Invalid HTTP_HOST header: '100.100.100.200'. You may need to add '100.100.100.200' to ALLOWED_HOSTS.
Traceback (most recent call last):
  File "/home/tj/.local/lib/python3.10/site-packages/django/core/handlers/exception.py", line 55, in inner
    response = get_response(request)
  File "/home/tj/.local/lib/python3.10/site-packages/django/utils/deprecation.py", line 135, in __call__
    response = self.process_request(request)
  File "/home/tj/.local/lib/python3.10/site-packages/django/middleware/common.py", line 48, in process_request
    host = request.get_host()
  File "/home/tj/.local/lib/python3.10/site-packages/django/http/request.py", line 148, in get_host
    raise DisallowedHost(msg)
django.core.exceptions.DisallowedHost: Invalid HTTP_HOST header: '100.100.100.200'. You may need to add '100.100.100.200' to ALLOWED_HOSTS.
2022-11-18 10:06:35,397 django.request WARNING  Bad Request: /latest/meta-data/
2022-11-18 10:06:35,397 django.server WARNING  "GET /latest/meta-data/ HTTP/1.1" 400 66936
2022-11-18 10:06:35,424 django.security.DisallowedHost ERROR    Invalid HTTP_HOST header: 'alibaba.zaproxy.org'. You may need to add 'alibaba.zaproxy.org' to ALLOWED_HOSTS.
Traceback (most recent call last):
  File "/home/tj/.local/lib/python3.10/site-packages/django/core/handlers/exception.py", line 55, in inner
    response = get_response(request)
  File "/home/tj/.local/lib/python3.10/site-packages/django/utils/deprecation.py", line 135, in __call__
    response = self.process_request(request)
  File "/home/tj/.local/lib/python3.10/site-packages/django/middleware/common.py", line 48, in process_request
    host = request.get_host()
  File "/home/tj/.local/lib/python3.10/site-packages/django/http/request.py", line 148, in get_host
    raise DisallowedHost(msg)
django.core.exceptions.DisallowedHost: Invalid HTTP_HOST header: 'alibaba.zaproxy.org'. You may need to add 'alibaba.zaproxy.org' to ALLOWED_HOSTS.
2022-11-18 10:06:35,456 django.request WARNING  Bad Request: /latest/meta-data/
2022-11-18 10:06:35,456 django.server INFO     "GET / HTTP/1.1" 200 74
2022-11-18 10:06:35,456 django.server WARNING  "GET /latest/meta-data/ HTTP/1.1" 400 66996
2022-11-18 10:06:35,656 django.request WARNING  Not Found: /favicon.ico/
2022-11-18 10:06:35,657 django.server WARNING  "GET /favicon.ico/ HTTP/1.1" 404 2280
2022-11-18 10:06:35,658 django.request WARNING  Not Found: /robots.txt/
2022-11-18 10:06:35,658 django.server WARNING  "GET /robots.txt/ HTTP/1.1" 404 2277
2022-11-18 10:06:35,853 django.request WARNING  Not Found: /sitemap.xml/
2022-11-18 10:06:35,853 django.server WARNING  "GET /sitemap.xml/ HTTP/1.1" 404 2280
2022-11-18 10:06:37,635 django.request WARNING  Not Found: /elmah.axd
2022-11-18 10:06:37,636 django.request WARNING  Not Found: /trace.axd
2022-11-18 10:06:37,636 django.server WARNING  "GET /elmah.axd HTTP/1.1" 404 2271
2022-11-18 10:06:37,637 django.server WARNING  "GET /trace.axd HTTP/1.1" 404 2271
2022-11-18 10:06:37,835 django.request WARNING  Not Found: /.htaccess
2022-11-18 10:06:37,836 django.server WARNING  "GET /.htaccess HTTP/1.1" 404 2271
2022-11-18 10:06:37,848 django.request WARNING  Not Found: /.env
2022-11-18 10:06:37,849 django.server WARNING  "GET /.env HTTP/1.1" 404 2256
2022-11-18 10:06:37,926 django.request WARNING  Not Found: /lfm.php
2022-11-18 10:06:37,926 django.server WARNING  "GET /lfm.php HTTP/1.1" 404 2265
2022-11-18 10:06:37,978 django.request WARNING  Not Found: /.idea/WebServers.xml
2022-11-18 10:06:37,978 django.server WARNING  "GET /.idea/WebServers.xml HTTP/1.1" 404 2304
2022-11-18 10:06:38,032 django.request WARNING  Not Found: /config/databases.yml
2022-11-18 10:06:38,032 django.server WARNING  "GET /config/databases.yml HTTP/1.1" 404 2304
2022-11-18 10:06:38,087 django.request WARNING  Not Found: /config/database.yml
2022-11-18 10:06:38,087 django.server WARNING  "GET /config/database.yml HTTP/1.1" 404 2301
2022-11-18 10:06:38,136 django.request WARNING  Not Found: /.git/config
2022-11-18 10:06:38,136 django.server WARNING  "GET /.git/config HTTP/1.1" 404 2277
2022-11-18 10:06:38,193 django.request WARNING  Not Found: /.svn/entries
2022-11-18 10:06:38,193 django.server WARNING  "GET /.svn/entries HTTP/1.1" 404 2280
2022-11-18 10:06:38,250 django.request WARNING  Not Found: /.svn/wc.db
2022-11-18 10:06:38,250 django.server WARNING  "GET /.svn/wc.db HTTP/1.1" 404 2274
2022-11-18 10:06:38,305 django.request WARNING  Not Found: /CVS/root
2022-11-18 10:06:38,306 django.server WARNING  "GET /CVS/root HTTP/1.1" 404 2268
2022-11-18 10:06:38,358 django.request WARNING  Not Found: /server-status
2022-11-18 10:06:38,358 django.server WARNING  "GET /server-status HTTP/1.1" 404 2283
2022-11-18 10:06:38,411 django.request WARNING  Not Found: /core
2022-11-18 10:06:38,412 django.server WARNING  "GET /core HTTP/1.1" 404 2256
2022-11-18 10:06:38,462 django.request WARNING  Not Found: /sftp-config.json
2022-11-18 10:06:38,463 django.server WARNING  "GET /sftp-config.json HTTP/1.1" 404 2292
2022-11-18 10:06:38,515 django.request WARNING  Not Found: /WS_FTP.ini
2022-11-18 10:06:38,515 django.server WARNING  "GET /WS_FTP.ini HTTP/1.1" 404 2274
2022-11-18 10:06:38,575 django.request WARNING  Not Found: /ws_ftp.ini
2022-11-18 10:06:38,575 django.server WARNING  "GET /ws_ftp.ini HTTP/1.1" 404 2274
2022-11-18 10:06:38,629 django.request WARNING  Not Found: /WS_FTP.INI
2022-11-18 10:06:38,629 django.server WARNING  "GET /WS_FTP.INI HTTP/1.1" 404 2274
2022-11-18 10:06:38,680 django.request WARNING  Not Found: /filezilla.xml
2022-11-18 10:06:38,680 django.server WARNING  "GET /filezilla.xml HTTP/1.1" 404 2283
2022-11-18 10:06:38,732 django.request WARNING  Not Found: /sitemanager.xml
2022-11-18 10:06:38,732 django.server WARNING  "GET /sitemanager.xml HTTP/1.1" 404 2289
2022-11-18 10:06:38,783 django.request WARNING  Not Found: /FileZilla.xml
2022-11-18 10:06:38,784 django.server WARNING  "GET /FileZilla.xml HTTP/1.1" 404 2283
2022-11-18 10:06:38,835 django.request WARNING  Not Found: /winscp.ini
2022-11-18 10:06:38,835 django.server WARNING  "GET /winscp.ini HTTP/1.1" 404 2274
2022-11-18 10:06:38,887 django.request WARNING  Not Found: /WinSCP.ini
2022-11-18 10:06:38,887 django.server WARNING  "GET /WinSCP.ini HTTP/1.1" 404 2274
2022-11-18 10:06:38,939 django.request WARNING  Not Found: /.DS_Store
2022-11-18 10:06:38,939 django.server WARNING  "GET /.DS_Store HTTP/1.1" 404 2271
2022-11-18 10:06:38,990 django.request WARNING  Not Found: /.php_cs.cache
2022-11-18 10:06:38,991 django.server WARNING  "GET /.php_cs.cache HTTP/1.1" 404 2283
2022-11-18 10:06:39,044 django.request WARNING  Not Found: /DEADJOE
2022-11-18 10:06:39,044 django.server WARNING  "GET /DEADJOE HTTP/1.1" 404 2265
2022-11-18 10:06:39,099 django.request WARNING  Not Found: /sites/default/private/files/backup_migrate/scheduled/test.txt
2022-11-18 10:06:39,099 django.server WARNING  "GET /sites/default/private/files/backup_migrate/scheduled/test.txt HTTP/1.1" 404 2427
2022-11-18 10:06:39,151 django.request WARNING  Not Found: /app/etc/local.xml
2022-11-18 10:06:39,151 django.server WARNING  "GET /app/etc/local.xml HTTP/1.1" 404 2295
2022-11-18 10:06:39,203 django.request WARNING  Not Found: /server.key
2022-11-18 10:06:39,203 django.server WARNING  "GET /server.key HTTP/1.1" 404 2274
2022-11-18 10:06:39,257 django.request WARNING  Not Found: /privatekey.key
2022-11-18 10:06:39,258 django.server WARNING  "GET /privatekey.key HTTP/1.1" 404 2286
2022-11-18 10:06:39,311 django.request WARNING  Not Found: /myserver.key
2022-11-18 10:06:39,312 django.server WARNING  "GET /myserver.key HTTP/1.1" 404 2280
2022-11-18 10:06:39,365 django.request WARNING  Not Found: /key.pem
2022-11-18 10:06:39,365 django.server WARNING  "GET /key.pem HTTP/1.1" 404 2265
2022-11-18 10:06:39,419 django.request WARNING  Not Found: /id_rsa
2022-11-18 10:06:39,420 django.server WARNING  "GET /id_rsa HTTP/1.1" 404 2262
2022-11-18 10:06:39,471 django.request WARNING  Not Found: /id_dsa
2022-11-18 10:06:39,472 django.server WARNING  "GET /id_dsa HTTP/1.1" 404 2262
2022-11-18 10:06:39,525 django.request WARNING  Not Found: /.ssh/id_rsa
2022-11-18 10:06:39,525 django.server WARNING  "GET /.ssh/id_rsa HTTP/1.1" 404 2277
2022-11-18 10:06:39,580 django.request WARNING  Not Found: /.ssh/id_dsa
2022-11-18 10:06:39,580 django.server WARNING  "GET /.ssh/id_dsa HTTP/1.1" 404 2277
2022-11-18 10:06:39,634 django.request WARNING  Not Found: /adminer.php
2022-11-18 10:06:39,634 django.server WARNING  "GET /adminer.php HTTP/1.1" 404 2277
2022-11-18 10:06:39,688 django.request WARNING  Not Found: /vb_test.php
2022-11-18 10:06:39,689 django.server WARNING  "GET /vb_test.php HTTP/1.1" 404 2277
2022-11-18 10:06:39,745 django.request WARNING  Not Found: /CHANGELOG.txt
2022-11-18 10:06:39,745 django.server WARNING  "GET /CHANGELOG.txt HTTP/1.1" 404 2283
2022-11-18 10:06:39,800 django.request WARNING  Not Found: /sites/default/files/.ht.sqlite
2022-11-18 10:06:39,800 django.server WARNING  "GET /sites/default/files/.ht.sqlite HTTP/1.1" 404 2334
2022-11-18 10:06:39,855 django.request WARNING  Not Found: /composer.json
2022-11-18 10:06:39,855 django.server WARNING  "GET /composer.json HTTP/1.1" 404 2283
2022-11-18 10:06:39,907 django.request WARNING  Not Found: /composer.lock
2022-11-18 10:06:39,908 django.server WARNING  "GET /composer.lock HTTP/1.1" 404 2283
2022-11-18 10:06:39,966 django.request WARNING  Not Found: /vim_settings.xml
2022-11-18 10:06:39,966 django.server WARNING  "GET /vim_settings.xml HTTP/1.1" 404 2292
2022-11-18 10:06:40,021 django.request WARNING  Not Found: /server-info
2022-11-18 10:06:40,022 django.server WARNING  "GET /server-info HTTP/1.1" 404 2277
2022-11-18 10:06:40,081 django.request WARNING  Not Found: /phpinfo.php
2022-11-18 10:06:40,082 django.server WARNING  "GET /phpinfo.php HTTP/1.1" 404 2277
2022-11-18 10:06:40,136 django.request WARNING  Not Found: /info.php
2022-11-18 10:06:40,137 django.server WARNING  "GET /info.php HTTP/1.1" 404 2268
2022-11-18 10:06:40,190 django.request WARNING  Not Found: /i.php
2022-11-18 10:06:40,190 django.server WARNING  "GET /i.php HTTP/1.1" 404 2259
2022-11-18 10:06:40,243 django.request WARNING  Not Found: /test.php
2022-11-18 10:06:40,243 django.server WARNING  "GET /test.php HTTP/1.1" 404 2268
2022-11-18 10:06:40,302 django.request WARNING  Not Found: /.hg
2022-11-18 10:06:40,303 django.server WARNING  "GET /.hg HTTP/1.1" 404 2253
2022-11-18 10:06:40,363 django.request WARNING  Not Found: /.bzr
2022-11-18 10:06:40,363 django.server WARNING  "GET /.bzr HTTP/1.1" 404 2256
2022-11-18 10:06:40,415 django.request WARNING  Not Found: /._darcs
2022-11-18 10:06:40,415 django.server WARNING  "GET /._darcs HTTP/1.1" 404 2265
2022-11-18 10:06:40,467 django.request WARNING  Not Found: /BitKeeper
2022-11-18 10:06:40,467 django.server WARNING  "GET /BitKeeper HTTP/1.1" 404 2271
2022-11-18 10:06:40,518 django.server INFO     "GET / HTTP/1.1" 200 74
2022-11-18 10:06:40,520 django.server INFO     "GET / HTTP/1.1" 200 74
2022-11-18 10:06:40,535 django.server INFO     "GET / HTTP/1.1" 200 74
2022-11-18 10:06:40,577 django.server INFO     "GET / HTTP/1.1" 200 74
2022-11-18 10:06:40,579 django.server INFO     "GET / HTTP/1.1" 200 74
2022-11-18 10:06:40,625 django.server INFO     "GET / HTTP/1.1" 200 74
2022-11-18 10:06:40,626 django.server INFO     "GET / HTTP/1.1" 200 74
2022-11-18 10:06:40,672 django.server INFO     "GET / HTTP/1.1" 200 74
2022-11-18 10:06:40,675 django.server INFO     "GET / HTTP/1.1" 200 74
2022-11-18 10:06:40,720 django.server INFO     "GET / HTTP/1.1" 200 74
2022-11-18 10:06:40,722 django.server INFO     "GET / HTTP/1.1" 200 74
2022-11-18 10:06:40,767 django.server INFO     "GET / HTTP/1.1" 200 74
2022-11-18 10:06:40,769 django.server INFO     "GET / HTTP/1.1" 200 74
2022-11-18 10:06:40,812 django.server INFO     "GET / HTTP/1.1" 200 74
2022-11-18 10:06:40,816 django.server INFO     "GET / HTTP/1.1" 200 74
2022-11-18 10:06:40,855 django.server INFO     "GET / HTTP/1.1" 200 74
2022-11-18 10:06:40,859 django.server INFO     "GET / HTTP/1.1" 200 74
2022-11-18 10:06:40,899 django.server INFO     "GET / HTTP/1.1" 200 74
2022-11-18 10:06:40,903 django.server INFO     "GET / HTTP/1.1" 200 74
2022-11-18 10:06:40,943 django.server INFO     "GET / HTTP/1.1" 200 74
2022-11-18 10:06:40,947 django.server INFO     "GET / HTTP/1.1" 200 74
2022-11-18 10:06:40,987 django.server INFO     "GET / HTTP/1.1" 200 74
2022-11-18 10:06:41,012 django.server INFO     "GET / HTTP/1.1" 200 74
2022-11-18 10:06:41,031 django.server INFO     "GET / HTTP/1.1" 200 74
2022-11-18 10:06:41,129 django.request WARNING  Not Found: /favicon.ico
2022-11-18 10:06:41,136 django.server WARNING  "GET /favicon.ico HTTP/1.1" 404 2277
2022-11-18 10:06:41,137 django.request WARNING  Not Found: /robots.txt
2022-11-18 10:06:41,137 django.server WARNING  "GET /robots.txt HTTP/1.1" 404 2274
2022-11-18 10:06:41,154 django.request WARNING  Not Found: /favicon.ico
2022-11-18 10:06:41,154 django.server WARNING  "GET /favicon.ico HTTP/1.1" 404 2277
2022-11-18 10:06:41,156 django.request WARNING  Not Found: /robots.txt
2022-11-18 10:06:41,156 django.server WARNING  "GET /robots.txt HTTP/1.1" 404 2274
2022-11-18 10:06:41,214 django.request WARNING  Not Found: /favicon.ico
2022-11-18 10:06:41,216 django.request WARNING  Not Found: /robots.txt
2022-11-18 10:06:41,216 django.server WARNING  "GET /robots.txt HTTP/1.1" 404 2274
2022-11-18 10:06:41,217 django.server WARNING  "GET /favicon.ico HTTP/1.1" 404 2277
2022-11-18 10:06:41,267 django.request WARNING  Not Found: /favicon.ico
2022-11-18 10:06:41,267 django.server WARNING  "GET /favicon.ico HTTP/1.1" 404 2277
2022-11-18 10:06:41,289 django.request WARNING  Not Found: /robots.txt
2022-11-18 10:06:41,289 django.server WARNING  "GET /robots.txt HTTP/1.1" 404 2274
2022-11-18 10:06:41,331 django.request WARNING  Not Found: /favicon.ico
2022-11-18 10:06:41,331 django.server WARNING  "GET /favicon.ico HTTP/1.1" 404 2277
2022-11-18 10:06:41,352 django.request WARNING  Not Found: /robots.txt
2022-11-18 10:06:41,352 django.server WARNING  "GET /robots.txt HTTP/1.1" 404 2274
2022-11-18 10:06:41,384 django.request WARNING  Not Found: /favicon.ico
2022-11-18 10:06:41,385 django.server WARNING  "GET /favicon.ico HTTP/1.1" 404 2277
2022-11-18 10:06:41,412 django.request WARNING  Not Found: /robots.txt
2022-11-18 10:06:41,412 django.server WARNING  "GET /robots.txt HTTP/1.1" 404 2274
2022-11-18 10:06:41,455 django.request WARNING  Not Found: /favicon.ico
2022-11-18 10:06:41,455 django.server WARNING  "GET /favicon.ico HTTP/1.1" 404 2277
2022-11-18 10:06:41,467 django.request WARNING  Not Found: /robots.txt
2022-11-18 10:06:41,467 django.server WARNING  "GET /robots.txt HTTP/1.1" 404 2274
2022-11-18 10:06:41,512 django.request WARNING  Not Found: /favicon.ico
2022-11-18 10:06:41,513 django.server WARNING  "GET /favicon.ico HTTP/1.1" 404 2277
2022-11-18 10:06:41,535 django.request WARNING  Not Found: /robots.txt
2022-11-18 10:06:41,536 django.server WARNING  "GET /robots.txt HTTP/1.1" 404 2274
2022-11-18 10:06:41,574 django.request WARNING  Not Found: /favicon.ico
2022-11-18 10:06:41,575 django.server WARNING  "GET /favicon.ico HTTP/1.1" 404 2277
2022-11-18 10:06:41,583 django.request WARNING  Not Found: /robots.txt
2022-11-18 10:06:41,583 django.server WARNING  "GET /robots.txt HTTP/1.1" 404 2274
2022-11-18 10:06:41,622 django.request WARNING  Not Found: /favicon.ico
2022-11-18 10:06:41,622 django.server WARNING  "GET /favicon.ico HTTP/1.1" 404 2277
2022-11-18 10:06:41,629 django.request WARNING  Not Found: /robots.txt
2022-11-18 10:06:41,630 django.server WARNING  "GET /robots.txt HTTP/1.1" 404 2274
2022-11-18 10:06:41,670 django.request WARNING  Not Found: /favicon.ico
2022-11-18 10:06:41,671 django.server WARNING  "GET /favicon.ico HTTP/1.1" 404 2277
2022-11-18 10:06:41,694 django.request WARNING  Not Found: /robots.txt
2022-11-18 10:06:41,694 django.server WARNING  "GET /robots.txt HTTP/1.1" 404 2274
2022-11-18 10:06:41,736 django.request WARNING  Not Found: /favicon.ico
2022-11-18 10:06:41,736 django.server WARNING  "GET /favicon.ico HTTP/1.1" 404 2277
2022-11-18 10:06:41,742 django.request WARNING  Not Found: /robots.txt
2022-11-18 10:06:41,742 django.server WARNING  "GET /robots.txt HTTP/1.1" 404 2274
2022-11-18 10:06:41,925 django.request WARNING  Not Found: /sitemap.xml
2022-11-18 10:06:41,925 django.server WARNING  "GET /sitemap.xml HTTP/1.1" 404 2277
2022-11-18 10:06:41,930 django.request WARNING  Not Found: /sitemap.xml
2022-11-18 10:06:41,930 django.server WARNING  "GET /sitemap.xml HTTP/1.1" 404 2277
2022-11-18 10:06:41,982 django.request WARNING  Not Found: /sitemap.xml
2022-11-18 10:06:41,982 django.server WARNING  "GET /sitemap.xml HTTP/1.1" 404 2277
2022-11-18 10:06:42,030 django.request WARNING  Not Found: /sitemap.xml
2022-11-18 10:06:42,031 django.server WARNING  "GET /sitemap.xml HTTP/1.1" 404 2277
2022-11-18 10:06:42,078 django.request WARNING  Not Found: /sitemap.xml
2022-11-18 10:06:42,078 django.server WARNING  "GET /sitemap.xml HTTP/1.1" 404 2277
2022-11-18 10:06:42,126 django.request WARNING  Not Found: /sitemap.xml
2022-11-18 10:06:42,126 django.server WARNING  "GET /sitemap.xml HTTP/1.1" 404 2277
2022-11-18 10:06:42,179 django.request WARNING  Not Found: /sitemap.xml
2022-11-18 10:06:42,180 django.server WARNING  "GET /sitemap.xml HTTP/1.1" 404 2277
2022-11-18 10:06:42,230 django.request WARNING  Not Found: /sitemap.xml
2022-11-18 10:06:42,230 django.server WARNING  "GET /sitemap.xml HTTP/1.1" 404 2277
2022-11-18 10:06:42,282 django.request WARNING  Not Found: /sitemap.xml
2022-11-18 10:06:42,283 django.server WARNING  "GET /sitemap.xml HTTP/1.1" 404 2277
2022-11-18 10:06:42,335 django.request WARNING  Not Found: /sitemap.xml
2022-11-18 10:06:42,335 django.server WARNING  "GET /sitemap.xml HTTP/1.1" 404 2277
2022-11-18 10:06:42,387 django.request WARNING  Not Found: /sitemap.xml
2022-11-18 10:06:42,387 django.server WARNING  "GET /sitemap.xml HTTP/1.1" 404 2277
2022-11-18 10:06:42,439 django.request WARNING  Not Found: /sitemap.xml
2022-11-18 10:06:42,439 django.server WARNING  "GET /sitemap.xml HTTP/1.1" 404 2277
2022-11-18 10:13:25,678 django.request WARNING  Not Found: /echo
2022-11-18 10:13:25,679 django.server WARNING  "GET /echo HTTP/1.1" 404 2256
2022-11-18 10:13:37,432 django.server INFO     code 400, message Bad request syntax ('ÿôÿý\x06')
2022-11-18 10:13:37,433 django.server WARNING  "ÿôÿý" 400 -
2022-11-18 10:13:42,107 django.request WARNING  Not Found: /echo
2022-11-18 10:13:42,107 django.server WARNING  "GET /echo HTTP/1.1" 404 2256
2022-11-18 10:15:04,138 django.server INFO     "HEAD / HTTP/1.1" 200 74
2022-11-18 10:15:21,490 django.server INFO     "HEAD / HTTP/1.1" 200 74
2022-11-18 10:18:29,552 django.utils.autoreload INFO     /home/tj/cyber_security_project_1/server/pages/views.py changed, reloading.
2022-11-18 10:18:29,850 django.utils.autoreload INFO     Watching for file changes with StatReloader
2022-11-18 10:18:35,757 django.server INFO     "HEAD / HTTP/1.1" 200 12
2022-11-18 10:18:35,757 django.server INFO     - Broken pipe from ('127.0.0.1', 44252)
2022-11-18 10:18:58,028 django.server INFO     "GET / HTTP/1.1" 200 12
2022-11-18 10:18:58,812 django.request WARNING  Not Found: /favicon.ico
2022-11-18 10:18:58,813 django.server WARNING  "GET /favicon.ico HTTP/1.1" 404 2277
2022-11-18 10:19:02,531 django.server INFO     "HEAD / HTTP/1.1" 200 12
2022-11-18 10:19:37,688 django.utils.autoreload INFO     /home/tj/cyber_security_project_1/server/pages/views.py changed, reloading.
2022-11-18 10:19:37,981 django.utils.autoreload INFO     Watching for file changes with StatReloader
2022-11-18 10:19:38,333 django.server INFO     "HEAD / HTTP/1.1" 200 74
2022-11-18 10:19:48,487 django.server INFO     "GET / HTTP/1.1" 200 74
2022-11-18 10:20:04,358 django.utils.autoreload INFO     /home/tj/cyber_security_project_1/server/pages/views.py changed, reloading.
2022-11-18 10:20:04,644 django.utils.autoreload INFO     Watching for file changes with StatReloader
2022-11-18 10:20:06,988 django.server INFO     "GET / HTTP/1.1" 302 0
2022-11-18 10:20:06,991 django.server INFO     "GET /admin?next=/ HTTP/1.1" 301 0
2022-11-18 10:20:07,041 django.server INFO     "GET /admin/?next=/ HTTP/1.1" 302 0
2022-11-18 10:20:07,114 django.server INFO     "GET /admin/login/?next=/admin/%3Fnext%3D/ HTTP/1.1" 200 2239
2022-11-18 10:20:13,901 django.utils.autoreload INFO     /home/tj/cyber_security_project_1/server/pages/views.py changed, reloading.
2022-11-18 10:20:14,197 django.utils.autoreload INFO     Watching for file changes with StatReloader
2022-11-18 10:20:24,973 django.server INFO     "GET /admin/login/?next=/admin/%3Fnext%3D/ HTTP/1.1" 200 2239
2022-11-18 10:20:25,995 django.server INFO     "GET /admin/login/?next=/admin/%3Fnext%3D/ HTTP/1.1" 200 2239
2022-11-18 10:20:28,035 django.server INFO     "GET / HTTP/1.1" 200 74
